13-Feb-2025 00:13:51.177 정보 [main] org.apache.catalina.startup.VersionLoggerListener.log 서버 버전 이름:    Apache Tomcat/9.0.91
13-Feb-2025 00:13:51.179 정보 [main] org.apache.catalina.startup.VersionLoggerListener.log Server 빌드 시각:  Jul 2 2024 12:35:51 UTC
13-Feb-2025 00:13:51.179 정보 [main] org.apache.catalina.startup.VersionLoggerListener.log Server 버전 번호:  9.0.91.0
13-Feb-2025 00:13:51.179 정보 [main] org.apache.catalina.startup.VersionLoggerListener.log 운영체제 이름:     Mac OS X
13-Feb-2025 00:13:51.179 정보 [main] org.apache.catalina.startup.VersionLoggerListener.log 운영체제 버전:     15.3
13-Feb-2025 00:13:51.179 정보 [main] org.apache.catalina.startup.VersionLoggerListener.log 아키텍처:          aarch64
13-Feb-2025 00:13:51.179 정보 [main] org.apache.catalina.startup.VersionLoggerListener.log 자바 홈:           /Users/duck/Library/Java/JavaVirtualMachines/corretto-21.0.6/Contents/Home
13-Feb-2025 00:13:51.179 정보 [main] org.apache.catalina.startup.VersionLoggerListener.log JVM 버전:          21.0.6+7-LTS
13-Feb-2025 00:13:51.180 정보 [main] org.apache.catalina.startup.VersionLoggerListener.log JVM 벤더:          Amazon.com Inc.
13-Feb-2025 00:13:51.180 정보 [main] org.apache.catalina.startup.VersionLoggerListener.log CATALINA_BASE:     /Users/duck/Desktop/Workspace/FastCampus/10개 프로젝트로 완성하는 백엔드 웹개발 초격차 패키지/Part 1. 나만의 MVC 프레임워크 만들기/apache-tomcat-9.0.91
13-Feb-2025 00:13:51.180 정보 [main] org.apache.catalina.startup.VersionLoggerListener.log CATALINA_HOME:     /Users/duck/Desktop/Workspace/FastCampus/10개 프로젝트로 완성하는 백엔드 웹개발 초격차 패키지/Part 1. 나만의 MVC 프레임워크 만들기/apache-tomcat-9.0.91
13-Feb-2025 00:13:51.186 정보 [main] org.apache.catalina.startup.VersionLoggerListener.log 명령 행 아규먼트:  --add-opens=java.base/java.lang=ALL-UNNAMED
13-Feb-2025 00:13:51.187 정보 [main] org.apache.catalina.startup.VersionLoggerListener.log 명령 행 아규먼트:  --add-opens=java.base/java.io=ALL-UNNAMED
13-Feb-2025 00:13:51.187 정보 [main] org.apache.catalina.startup.VersionLoggerListener.log 명령 행 아규먼트:  --add-opens=java.base/java.util=ALL-UNNAMED
13-Feb-2025 00:13:51.187 정보 [main] org.apache.catalina.startup.VersionLoggerListener.log 명령 행 아규먼트:  --add-opens=java.base/java.util.concurrent=ALL-UNNAMED
13-Feb-2025 00:13:51.187 정보 [main] org.apache.catalina.startup.VersionLoggerListener.log 명령 행 아규먼트:  --add-opens=java.rmi/sun.rmi.transport=ALL-UNNAMED
13-Feb-2025 00:13:51.187 정보 [main] org.apache.catalina.startup.VersionLoggerListener.log 명령 행 아규먼트:  -Djava.util.logging.config.file=/Users/duck/Desktop/Workspace/FastCampus/10개 프로젝트로 완성하는 백엔드 웹개발 초격차 패키지/Part 1. 나만의 MVC 프레임워크 만들기/apache-tomcat-9.0.91/conf/logging.properties
13-Feb-2025 00:13:51.187 정보 [main] org.apache.catalina.startup.VersionLoggerListener.log 명령 행 아규먼트:  -Djava.util.logging.manager=org.apache.juli.ClassLoaderLogManager
13-Feb-2025 00:13:51.187 정보 [main] org.apache.catalina.startup.VersionLoggerListener.log 명령 행 아규먼트:  -Djdk.tls.ephemeralDHKeySize=2048
13-Feb-2025 00:13:51.187 정보 [main] org.apache.catalina.startup.VersionLoggerListener.log 명령 행 아규먼트:  -Djava.protocol.handler.pkgs=org.apache.catalina.webresources
13-Feb-2025 00:13:51.187 정보 [main] org.apache.catalina.startup.VersionLoggerListener.log 명령 행 아규먼트:  -Dorg.apache.catalina.security.SecurityListener.UMASK=0027
13-Feb-2025 00:13:51.187 정보 [main] org.apache.catalina.startup.VersionLoggerListener.log 명령 행 아규먼트:  -Dignore.endorsed.dirs=
13-Feb-2025 00:13:51.187 정보 [main] org.apache.catalina.startup.VersionLoggerListener.log 명령 행 아규먼트:  -Dcatalina.base=/Users/duck/Desktop/Workspace/FastCampus/10개 프로젝트로 완성하는 백엔드 웹개발 초격차 패키지/Part 1. 나만의 MVC 프레임워크 만들기/apache-tomcat-9.0.91
13-Feb-2025 00:13:51.187 정보 [main] org.apache.catalina.startup.VersionLoggerListener.log 명령 행 아규먼트:  -Dcatalina.home=/Users/duck/Desktop/Workspace/FastCampus/10개 프로젝트로 완성하는 백엔드 웹개발 초격차 패키지/Part 1. 나만의 MVC 프레임워크 만들기/apache-tomcat-9.0.91
13-Feb-2025 00:13:51.187 정보 [main] org.apache.catalina.startup.VersionLoggerListener.log 명령 행 아규먼트:  -Djava.io.tmpdir=/Users/duck/Desktop/Workspace/FastCampus/10개 프로젝트로 완성하는 백엔드 웹개발 초격차 패키지/Part 1. 나만의 MVC 프레임워크 만들기/apache-tomcat-9.0.91/temp
13-Feb-2025 00:13:51.194 정보 [main] org.apache.catalina.core.AprLifecycleListener.lifecycleEvent 프로덕션 환경들에서 최적의 성능을 제공하는, APR 기반 Apache Tomcat Native 라이브러리가, 다음 java.library.path에서 발견되지 않습니다: [/Users/duck/Library/Java/Extensions:/Library/Java/Extensions:/Network/Library/Java/Extensions:/System/Library/Java/Extensions:/usr/lib/java:.]
13-Feb-2025 00:13:51.339 정보 [main] org.apache.coyote.AbstractProtocol.init 프로토콜 핸들러 ["http-nio-8080"]을(를) 초기화합니다.
13-Feb-2025 00:13:51.352 정보 [main] org.apache.catalina.startup.Catalina.load [281] 밀리초 내에 서버가 초기화되었습니다.
13-Feb-2025 00:13:51.371 정보 [main] org.apache.catalina.core.StandardService.startInternal 서비스 [Catalina]을(를) 시작합니다.
13-Feb-2025 00:13:51.371 정보 [main] org.apache.catalina.core.StandardEngine.startInternal 서버 엔진을 시작합니다: [Apache Tomcat/9.0.91]
13-Feb-2025 00:13:51.374 정보 [main] org.apache.catalina.startup.HostConfig.deployDirectory 웹 애플리케이션 디렉토리 [/Users/duck/Desktop/Workspace/FastCampus/10개 프로젝트로 완성하는 백엔드 웹개발 초격차 패키지/Part 1. 나만의 MVC 프레임워크 만들기/apache-tomcat-9.0.91/webapps/docs]을(를) 배치합니다.
13-Feb-2025 00:13:51.514 정보 [main] org.apache.catalina.startup.HostConfig.deployDirectory 웹 애플리케이션 디렉토리 [/Users/duck/Desktop/Workspace/FastCampus/10개 프로젝트로 완성하는 백엔드 웹개발 초격차 패키지/Part 1. 나만의 MVC 프레임워크 만들기/apache-tomcat-9.0.91/webapps/docs]에 대한 배치가 [135] 밀리초에 완료되었습니다.
13-Feb-2025 00:13:51.515 정보 [main] org.apache.catalina.startup.HostConfig.deployDirectory 웹 애플리케이션 디렉토리 [/Users/duck/Desktop/Workspace/FastCampus/10개 프로젝트로 완성하는 백엔드 웹개발 초격차 패키지/Part 1. 나만의 MVC 프레임워크 만들기/apache-tomcat-9.0.91/webapps/manager]을(를) 배치합니다.
13-Feb-2025 00:13:51.536 정보 [main] org.apache.catalina.startup.HostConfig.deployDirectory 웹 애플리케이션 디렉토리 [/Users/duck/Desktop/Workspace/FastCampus/10개 프로젝트로 완성하는 백엔드 웹개발 초격차 패키지/Part 1. 나만의 MVC 프레임워크 만들기/apache-tomcat-9.0.91/webapps/manager]에 대한 배치가 [21] 밀리초에 완료되었습니다.
13-Feb-2025 00:13:51.536 정보 [main] org.apache.catalina.startup.HostConfig.deployDirectory 웹 애플리케이션 디렉토리 [/Users/duck/Desktop/Workspace/FastCampus/10개 프로젝트로 완성하는 백엔드 웹개발 초격차 패키지/Part 1. 나만의 MVC 프레임워크 만들기/apache-tomcat-9.0.91/webapps/examples]을(를) 배치합니다.
13-Feb-2025 00:13:51.660 정보 [main] org.apache.catalina.startup.HostConfig.deployDirectory 웹 애플리케이션 디렉토리 [/Users/duck/Desktop/Workspace/FastCampus/10개 프로젝트로 완성하는 백엔드 웹개발 초격차 패키지/Part 1. 나만의 MVC 프레임워크 만들기/apache-tomcat-9.0.91/webapps/examples]에 대한 배치가 [124] 밀리초에 완료되었습니다.
13-Feb-2025 00:13:51.660 정보 [main] org.apache.catalina.startup.HostConfig.deployDirectory 웹 애플리케이션 디렉토리 [/Users/duck/Desktop/Workspace/FastCampus/10개 프로젝트로 완성하는 백엔드 웹개발 초격차 패키지/Part 1. 나만의 MVC 프레임워크 만들기/apache-tomcat-9.0.91/webapps/ROOT]을(를) 배치합니다.
13-Feb-2025 00:13:51.669 정보 [main] org.apache.catalina.startup.HostConfig.deployDirectory 웹 애플리케이션 디렉토리 [/Users/duck/Desktop/Workspace/FastCampus/10개 프로젝트로 완성하는 백엔드 웹개발 초격차 패키지/Part 1. 나만의 MVC 프레임워크 만들기/apache-tomcat-9.0.91/webapps/ROOT]에 대한 배치가 [9] 밀리초에 완료되었습니다.
13-Feb-2025 00:13:51.669 정보 [main] org.apache.catalina.startup.HostConfig.deployDirectory 웹 애플리케이션 디렉토리 [/Users/duck/Desktop/Workspace/FastCampus/10개 프로젝트로 완성하는 백엔드 웹개발 초격차 패키지/Part 1. 나만의 MVC 프레임워크 만들기/apache-tomcat-9.0.91/webapps/host-manager]을(를) 배치합니다.
13-Feb-2025 00:13:51.679 정보 [main] org.apache.catalina.startup.HostConfig.deployDirectory 웹 애플리케이션 디렉토리 [/Users/duck/Desktop/Workspace/FastCampus/10개 프로젝트로 완성하는 백엔드 웹개발 초격차 패키지/Part 1. 나만의 MVC 프레임워크 만들기/apache-tomcat-9.0.91/webapps/host-manager]에 대한 배치가 [10] 밀리초에 완료되었습니다.
13-Feb-2025 00:13:51.681 정보 [main] org.apache.coyote.AbstractProtocol.start 프로토콜 핸들러 ["http-nio-8080"]을(를) 시작합니다.
13-Feb-2025 00:13:51.685 정보 [main] org.apache.catalina.startup.Catalina.start 서버가 [331] 밀리초 내에 시작되었습니다.
13-Feb-2025 00:14:06.286 정보 [main] org.apache.catalina.startup.VersionLoggerListener.log 서버 버전 이름:    Apache Tomcat/9.0.91
13-Feb-2025 00:14:06.287 정보 [main] org.apache.catalina.startup.VersionLoggerListener.log Server 빌드 시각:  Jul 2 2024 12:35:51 UTC
13-Feb-2025 00:14:06.287 정보 [main] org.apache.catalina.startup.VersionLoggerListener.log Server 버전 번호:  9.0.91.0
13-Feb-2025 00:14:06.288 정보 [main] org.apache.catalina.startup.VersionLoggerListener.log 운영체제 이름:     Mac OS X
13-Feb-2025 00:14:06.288 정보 [main] org.apache.catalina.startup.VersionLoggerListener.log 운영체제 버전:     15.3
13-Feb-2025 00:14:06.288 정보 [main] org.apache.catalina.startup.VersionLoggerListener.log 아키텍처:          aarch64
13-Feb-2025 00:14:06.288 정보 [main] org.apache.catalina.startup.VersionLoggerListener.log 자바 홈:           /Users/duck/Library/Java/JavaVirtualMachines/corretto-21.0.6/Contents/Home
13-Feb-2025 00:14:06.288 정보 [main] org.apache.catalina.startup.VersionLoggerListener.log JVM 버전:          21.0.6+7-LTS
13-Feb-2025 00:14:06.288 정보 [main] org.apache.catalina.startup.VersionLoggerListener.log JVM 벤더:          Amazon.com Inc.
13-Feb-2025 00:14:06.288 정보 [main] org.apache.catalina.startup.VersionLoggerListener.log CATALINA_BASE:     /Users/duck/Desktop/Workspace/FastCampus/10개 프로젝트로 완성하는 백엔드 웹개발 초격차 패키지/Part 1. 나만의 MVC 프레임워크 만들기/apache-tomcat-9.0.91
13-Feb-2025 00:14:06.288 정보 [main] org.apache.catalina.startup.VersionLoggerListener.log CATALINA_HOME:     /Users/duck/Desktop/Workspace/FastCampus/10개 프로젝트로 완성하는 백엔드 웹개발 초격차 패키지/Part 1. 나만의 MVC 프레임워크 만들기/apache-tomcat-9.0.91
13-Feb-2025 00:14:06.292 정보 [main] org.apache.catalina.startup.VersionLoggerListener.log 명령 행 아규먼트:  --add-opens=java.base/java.lang=ALL-UNNAMED
13-Feb-2025 00:14:06.292 정보 [main] org.apache.catalina.startup.VersionLoggerListener.log 명령 행 아규먼트:  --add-opens=java.base/java.io=ALL-UNNAMED
13-Feb-2025 00:14:06.292 정보 [main] org.apache.catalina.startup.VersionLoggerListener.log 명령 행 아규먼트:  --add-opens=java.base/java.util=ALL-UNNAMED
13-Feb-2025 00:14:06.292 정보 [main] org.apache.catalina.startup.VersionLoggerListener.log 명령 행 아규먼트:  --add-opens=java.base/java.util.concurrent=ALL-UNNAMED
13-Feb-2025 00:14:06.292 정보 [main] org.apache.catalina.startup.VersionLoggerListener.log 명령 행 아규먼트:  --add-opens=java.rmi/sun.rmi.transport=ALL-UNNAMED
13-Feb-2025 00:14:06.292 정보 [main] org.apache.catalina.startup.VersionLoggerListener.log 명령 행 아규먼트:  -Djava.util.logging.config.file=/Users/duck/Desktop/Workspace/FastCampus/10개 프로젝트로 완성하는 백엔드 웹개발 초격차 패키지/Part 1. 나만의 MVC 프레임워크 만들기/apache-tomcat-9.0.91/conf/logging.properties
13-Feb-2025 00:14:06.292 정보 [main] org.apache.catalina.startup.VersionLoggerListener.log 명령 행 아규먼트:  -Djava.util.logging.manager=org.apache.juli.ClassLoaderLogManager
13-Feb-2025 00:14:06.293 정보 [main] org.apache.catalina.startup.VersionLoggerListener.log 명령 행 아규먼트:  -Djdk.tls.ephemeralDHKeySize=2048
13-Feb-2025 00:14:06.293 정보 [main] org.apache.catalina.startup.VersionLoggerListener.log 명령 행 아규먼트:  -Djava.protocol.handler.pkgs=org.apache.catalina.webresources
13-Feb-2025 00:14:06.293 정보 [main] org.apache.catalina.startup.VersionLoggerListener.log 명령 행 아규먼트:  -Dorg.apache.catalina.security.SecurityListener.UMASK=0027
13-Feb-2025 00:14:06.293 정보 [main] org.apache.catalina.startup.VersionLoggerListener.log 명령 행 아규먼트:  -Dignore.endorsed.dirs=
13-Feb-2025 00:14:06.293 정보 [main] org.apache.catalina.startup.VersionLoggerListener.log 명령 행 아규먼트:  -Dcatalina.base=/Users/duck/Desktop/Workspace/FastCampus/10개 프로젝트로 완성하는 백엔드 웹개발 초격차 패키지/Part 1. 나만의 MVC 프레임워크 만들기/apache-tomcat-9.0.91
13-Feb-2025 00:14:06.293 정보 [main] org.apache.catalina.startup.VersionLoggerListener.log 명령 행 아규먼트:  -Dcatalina.home=/Users/duck/Desktop/Workspace/FastCampus/10개 프로젝트로 완성하는 백엔드 웹개발 초격차 패키지/Part 1. 나만의 MVC 프레임워크 만들기/apache-tomcat-9.0.91
13-Feb-2025 00:14:06.293 정보 [main] org.apache.catalina.startup.VersionLoggerListener.log 명령 행 아규먼트:  -Djava.io.tmpdir=/Users/duck/Desktop/Workspace/FastCampus/10개 프로젝트로 완성하는 백엔드 웹개발 초격차 패키지/Part 1. 나만의 MVC 프레임워크 만들기/apache-tomcat-9.0.91/temp
13-Feb-2025 00:14:06.298 정보 [main] org.apache.catalina.core.AprLifecycleListener.lifecycleEvent 프로덕션 환경들에서 최적의 성능을 제공하는, APR 기반 Apache Tomcat Native 라이브러리가, 다음 java.library.path에서 발견되지 않습니다: [/Users/duck/Library/Java/Extensions:/Library/Java/Extensions:/Network/Library/Java/Extensions:/System/Library/Java/Extensions:/usr/lib/java:.]
13-Feb-2025 00:14:06.424 정보 [main] org.apache.coyote.AbstractProtocol.init 프로토콜 핸들러 ["http-nio-8080"]을(를) 초기화합니다.
13-Feb-2025 00:14:06.431 심각 [main] org.apache.catalina.util.LifecycleBase.handleSubClassException 구성요소 [Connector["http-nio-8080"]]을(를) 초기화하지 못했습니다.
	org.apache.catalina.LifecycleException: 프로토콜 핸들러 초기화가 실패했습니다.
		at org.apache.catalina.connector.Connector.initInternal(Connector.java:1012)
		at org.apache.catalina.util.LifecycleBase.init(LifecycleBase.java:122)
		at org.apache.catalina.core.StandardService.initInternal(StandardService.java:525)
		at org.apache.catalina.util.LifecycleBase.init(LifecycleBase.java:122)
		at org.apache.catalina.core.StandardServer.initInternal(StandardServer.java:990)
		at org.apache.catalina.util.LifecycleBase.init(LifecycleBase.java:122)
		at org.apache.catalina.startup.Catalina.load(Catalina.java:686)
		at org.apache.catalina.startup.Catalina.load(Catalina.java:709)
		at java.base/jdk.internal.reflect.DirectMethodHandleAccessor.invoke(DirectMethodHandleAccessor.java:103)
		at java.base/java.lang.reflect.Method.invoke(Method.java:580)
		at org.apache.catalina.startup.Bootstrap.load(Bootstrap.java:302)
		at org.apache.catalina.startup.Bootstrap.main(Bootstrap.java:472)
	Caused by: java.net.BindException: Address already in use
		at java.base/sun.nio.ch.Net.bind0(Native Method)
		at java.base/sun.nio.ch.Net.bind(Net.java:565)
		at java.base/sun.nio.ch.ServerSocketChannelImpl.netBind(ServerSocketChannelImpl.java:344)
		at java.base/sun.nio.ch.ServerSocketChannelImpl.bind(ServerSocketChannelImpl.java:301)
		at org.apache.tomcat.util.net.NioEndpoint.initServerSocket(NioEndpoint.java:268)
		at org.apache.tomcat.util.net.NioEndpoint.bind(NioEndpoint.java:223)
		at org.apache.tomcat.util.net.AbstractEndpoint.bindWithCleanup(AbstractEndpoint.java:1373)
		at org.apache.tomcat.util.net.AbstractEndpoint.init(AbstractEndpoint.java:1386)
		at org.apache.coyote.AbstractProtocol.init(AbstractProtocol.java:662)
		at org.apache.coyote.http11.AbstractHttp11Protocol.init(AbstractHttp11Protocol.java:75)
		at org.apache.catalina.connector.Connector.initInternal(Connector.java:1010)
		... 11 more
13-Feb-2025 00:14:06.432 정보 [main] org.apache.catalina.startup.Catalina.load [230] 밀리초 내에 서버가 초기화되었습니다.
13-Feb-2025 00:14:06.446 정보 [main] org.apache.catalina.core.StandardService.startInternal 서비스 [Catalina]을(를) 시작합니다.
13-Feb-2025 00:14:06.446 정보 [main] org.apache.catalina.core.StandardEngine.startInternal 서버 엔진을 시작합니다: [Apache Tomcat/9.0.91]
13-Feb-2025 00:14:06.448 정보 [main] org.apache.catalina.startup.HostConfig.deployDirectory 웹 애플리케이션 디렉토리 [/Users/duck/Desktop/Workspace/FastCampus/10개 프로젝트로 완성하는 백엔드 웹개발 초격차 패키지/Part 1. 나만의 MVC 프레임워크 만들기/apache-tomcat-9.0.91/webapps/docs]을(를) 배치합니다.
13-Feb-2025 00:14:06.574 정보 [main] org.apache.catalina.startup.HostConfig.deployDirectory 웹 애플리케이션 디렉토리 [/Users/duck/Desktop/Workspace/FastCampus/10개 프로젝트로 완성하는 백엔드 웹개발 초격차 패키지/Part 1. 나만의 MVC 프레임워크 만들기/apache-tomcat-9.0.91/webapps/docs]에 대한 배치가 [125] 밀리초에 완료되었습니다.
13-Feb-2025 00:14:06.574 정보 [main] org.apache.catalina.startup.HostConfig.deployDirectory 웹 애플리케이션 디렉토리 [/Users/duck/Desktop/Workspace/FastCampus/10개 프로젝트로 완성하는 백엔드 웹개발 초격차 패키지/Part 1. 나만의 MVC 프레임워크 만들기/apache-tomcat-9.0.91/webapps/manager]을(를) 배치합니다.
13-Feb-2025 00:14:06.594 정보 [main] org.apache.catalina.startup.HostConfig.deployDirectory 웹 애플리케이션 디렉토리 [/Users/duck/Desktop/Workspace/FastCampus/10개 프로젝트로 완성하는 백엔드 웹개발 초격차 패키지/Part 1. 나만의 MVC 프레임워크 만들기/apache-tomcat-9.0.91/webapps/manager]에 대한 배치가 [20] 밀리초에 완료되었습니다.
13-Feb-2025 00:14:06.594 정보 [main] org.apache.catalina.startup.HostConfig.deployDirectory 웹 애플리케이션 디렉토리 [/Users/duck/Desktop/Workspace/FastCampus/10개 프로젝트로 완성하는 백엔드 웹개발 초격차 패키지/Part 1. 나만의 MVC 프레임워크 만들기/apache-tomcat-9.0.91/webapps/examples]을(를) 배치합니다.
13-Feb-2025 00:14:06.730 정보 [main] org.apache.catalina.startup.HostConfig.deployDirectory 웹 애플리케이션 디렉토리 [/Users/duck/Desktop/Workspace/FastCampus/10개 프로젝트로 완성하는 백엔드 웹개발 초격차 패키지/Part 1. 나만의 MVC 프레임워크 만들기/apache-tomcat-9.0.91/webapps/examples]에 대한 배치가 [136] 밀리초에 완료되었습니다.
13-Feb-2025 00:14:06.730 정보 [main] org.apache.catalina.startup.HostConfig.deployDirectory 웹 애플리케이션 디렉토리 [/Users/duck/Desktop/Workspace/FastCampus/10개 프로젝트로 완성하는 백엔드 웹개발 초격차 패키지/Part 1. 나만의 MVC 프레임워크 만들기/apache-tomcat-9.0.91/webapps/ROOT]을(를) 배치합니다.
13-Feb-2025 00:14:06.739 정보 [main] org.apache.catalina.startup.HostConfig.deployDirectory 웹 애플리케이션 디렉토리 [/Users/duck/Desktop/Workspace/FastCampus/10개 프로젝트로 완성하는 백엔드 웹개발 초격차 패키지/Part 1. 나만의 MVC 프레임워크 만들기/apache-tomcat-9.0.91/webapps/ROOT]에 대한 배치가 [9] 밀리초에 완료되었습니다.
13-Feb-2025 00:14:06.740 정보 [main] org.apache.catalina.startup.HostConfig.deployDirectory 웹 애플리케이션 디렉토리 [/Users/duck/Desktop/Workspace/FastCampus/10개 프로젝트로 완성하는 백엔드 웹개발 초격차 패키지/Part 1. 나만의 MVC 프레임워크 만들기/apache-tomcat-9.0.91/webapps/host-manager]을(를) 배치합니다.
13-Feb-2025 00:14:06.750 정보 [main] org.apache.catalina.startup.HostConfig.deployDirectory 웹 애플리케이션 디렉토리 [/Users/duck/Desktop/Workspace/FastCampus/10개 프로젝트로 완성하는 백엔드 웹개발 초격차 패키지/Part 1. 나만의 MVC 프레임워크 만들기/apache-tomcat-9.0.91/webapps/host-manager]에 대한 배치가 [10] 밀리초에 완료되었습니다.
13-Feb-2025 00:14:06.752 정보 [main] org.apache.catalina.startup.Catalina.start 서버가 [320] 밀리초 내에 시작되었습니다.
13-Feb-2025 00:14:06.754 심각 [main] org.apache.catalina.core.StandardServer.await 주소 [localhost]와(과) 포트 [8005]에, 서버 셧다운 소켓을 생성하지 못했습니다. (base 포트 [8005], offset [0])
	java.net.BindException: Address already in use
		at java.base/sun.nio.ch.Net.bind0(Native Method)
		at java.base/sun.nio.ch.Net.bind(Net.java:565)
		at java.base/sun.nio.ch.Net.bind(Net.java:554)
		at java.base/sun.nio.ch.NioSocketImpl.bind(NioSocketImpl.java:636)
		at java.base/java.net.ServerSocket.bind(ServerSocket.java:391)
		at java.base/java.net.ServerSocket.<init>(ServerSocket.java:278)
		at org.apache.catalina.core.StandardServer.await(StandardServer.java:541)
		at org.apache.catalina.startup.Catalina.await(Catalina.java:825)
		at org.apache.catalina.startup.Catalina.start(Catalina.java:773)
		at java.base/jdk.internal.reflect.DirectMethodHandleAccessor.invoke(DirectMethodHandleAccessor.java:103)
		at java.base/java.lang.reflect.Method.invoke(Method.java:580)
		at org.apache.catalina.startup.Bootstrap.start(Bootstrap.java:345)
		at org.apache.catalina.startup.Bootstrap.main(Bootstrap.java:473)
13-Feb-2025 00:14:06.754 정보 [main] org.apache.coyote.AbstractProtocol.pause 프로토콜 핸들러 ["http-nio-8080"]을(를) 일시 정지 중
13-Feb-2025 00:14:06.754 정보 [main] org.apache.catalina.core.StandardService.stopInternal 서비스 [Catalina]을(를) 중지시킵니다.
13-Feb-2025 00:14:06.764 정보 [main] org.apache.coyote.AbstractProtocol.stop 프로토콜 핸들러 ["http-nio-8080"]을(를) 중지시킵니다.
13-Feb-2025 00:14:06.764 정보 [main] org.apache.coyote.AbstractProtocol.destroy 프로토콜 핸들러 ["http-nio-8080"]을(를) 소멸시킵니다.
13-Feb-2025 00:15:30.240 정보 [main] org.apache.catalina.core.StandardServer.await 셧다운 포트를 통해 유효한 셧다운 명령을 받았습니다. 서버 인스턴스를 중지시킵니다.
13-Feb-2025 00:15:30.241 정보 [main] org.apache.coyote.AbstractProtocol.pause 프로토콜 핸들러 ["http-nio-8080"]을(를) 일시 정지 중
13-Feb-2025 00:15:31.245 정보 [main] org.apache.catalina.core.StandardService.stopInternal 서비스 [Catalina]을(를) 중지시킵니다.
13-Feb-2025 00:15:31.271 정보 [main] org.apache.coyote.AbstractProtocol.stop 프로토콜 핸들러 ["http-nio-8080"]을(를) 중지시킵니다.
13-Feb-2025 00:15:31.877 경고 [main] org.apache.tomcat.util.net.Acceptor.stopMillis acceptor 쓰레드 [http-nio-8080-Acceptor](이)가 깨끗이 중지되지 않았습니다.
13-Feb-2025 00:15:31.881 정보 [main] org.apache.coyote.AbstractProtocol.destroy 프로토콜 핸들러 ["http-nio-8080"]을(를) 소멸시킵니다.
13-Feb-2025 00:15:59.093 정보 [main] org.apache.catalina.startup.VersionLoggerListener.log 서버 버전 이름:    Apache Tomcat/9.0.91
13-Feb-2025 00:15:59.095 정보 [main] org.apache.catalina.startup.VersionLoggerListener.log Server 빌드 시각:  Jul 2 2024 12:35:51 UTC
13-Feb-2025 00:15:59.095 정보 [main] org.apache.catalina.startup.VersionLoggerListener.log Server 버전 번호:  9.0.91.0
13-Feb-2025 00:15:59.095 정보 [main] org.apache.catalina.startup.VersionLoggerListener.log 운영체제 이름:     Mac OS X
13-Feb-2025 00:15:59.095 정보 [main] org.apache.catalina.startup.VersionLoggerListener.log 운영체제 버전:     15.3
13-Feb-2025 00:15:59.095 정보 [main] org.apache.catalina.startup.VersionLoggerListener.log 아키텍처:          aarch64
13-Feb-2025 00:15:59.095 정보 [main] org.apache.catalina.startup.VersionLoggerListener.log 자바 홈:           /Users/duck/Library/Java/JavaVirtualMachines/corretto-21.0.6/Contents/Home
13-Feb-2025 00:15:59.095 정보 [main] org.apache.catalina.startup.VersionLoggerListener.log JVM 버전:          21.0.6+7-LTS
13-Feb-2025 00:15:59.095 정보 [main] org.apache.catalina.startup.VersionLoggerListener.log JVM 벤더:          Amazon.com Inc.
13-Feb-2025 00:15:59.095 정보 [main] org.apache.catalina.startup.VersionLoggerListener.log CATALINA_BASE:     /Users/duck/Desktop/Workspace/FastCampus/10개 프로젝트로 완성하는 백엔드 웹개발 초격차 패키지/Part 1. 나만의 MVC 프레임워크 만들기/apache-tomcat-9.0.91
13-Feb-2025 00:15:59.095 정보 [main] org.apache.catalina.startup.VersionLoggerListener.log CATALINA_HOME:     /Users/duck/Desktop/Workspace/FastCampus/10개 프로젝트로 완성하는 백엔드 웹개발 초격차 패키지/Part 1. 나만의 MVC 프레임워크 만들기/apache-tomcat-9.0.91
13-Feb-2025 00:15:59.099 정보 [main] org.apache.catalina.startup.VersionLoggerListener.log 명령 행 아규먼트:  --add-opens=java.base/java.lang=ALL-UNNAMED
13-Feb-2025 00:15:59.099 정보 [main] org.apache.catalina.startup.VersionLoggerListener.log 명령 행 아규먼트:  --add-opens=java.base/java.io=ALL-UNNAMED
13-Feb-2025 00:15:59.099 정보 [main] org.apache.catalina.startup.VersionLoggerListener.log 명령 행 아규먼트:  --add-opens=java.base/java.util=ALL-UNNAMED
13-Feb-2025 00:15:59.099 정보 [main] org.apache.catalina.startup.VersionLoggerListener.log 명령 행 아규먼트:  --add-opens=java.base/java.util.concurrent=ALL-UNNAMED
13-Feb-2025 00:15:59.099 정보 [main] org.apache.catalina.startup.VersionLoggerListener.log 명령 행 아규먼트:  --add-opens=java.rmi/sun.rmi.transport=ALL-UNNAMED
13-Feb-2025 00:15:59.099 정보 [main] org.apache.catalina.startup.VersionLoggerListener.log 명령 행 아규먼트:  -Djava.util.logging.config.file=/Users/duck/Desktop/Workspace/FastCampus/10개 프로젝트로 완성하는 백엔드 웹개발 초격차 패키지/Part 1. 나만의 MVC 프레임워크 만들기/apache-tomcat-9.0.91/conf/logging.properties
13-Feb-2025 00:15:59.100 정보 [main] org.apache.catalina.startup.VersionLoggerListener.log 명령 행 아규먼트:  -Djava.util.logging.manager=org.apache.juli.ClassLoaderLogManager
13-Feb-2025 00:15:59.100 정보 [main] org.apache.catalina.startup.VersionLoggerListener.log 명령 행 아규먼트:  -Djdk.tls.ephemeralDHKeySize=2048
13-Feb-2025 00:15:59.100 정보 [main] org.apache.catalina.startup.VersionLoggerListener.log 명령 행 아규먼트:  -Djava.protocol.handler.pkgs=org.apache.catalina.webresources
13-Feb-2025 00:15:59.100 정보 [main] org.apache.catalina.startup.VersionLoggerListener.log 명령 행 아규먼트:  -Dorg.apache.catalina.security.SecurityListener.UMASK=0027
13-Feb-2025 00:15:59.100 정보 [main] org.apache.catalina.startup.VersionLoggerListener.log 명령 행 아규먼트:  -Dignore.endorsed.dirs=
13-Feb-2025 00:15:59.100 정보 [main] org.apache.catalina.startup.VersionLoggerListener.log 명령 행 아규먼트:  -Dcatalina.base=/Users/duck/Desktop/Workspace/FastCampus/10개 프로젝트로 완성하는 백엔드 웹개발 초격차 패키지/Part 1. 나만의 MVC 프레임워크 만들기/apache-tomcat-9.0.91
13-Feb-2025 00:15:59.100 정보 [main] org.apache.catalina.startup.VersionLoggerListener.log 명령 행 아규먼트:  -Dcatalina.home=/Users/duck/Desktop/Workspace/FastCampus/10개 프로젝트로 완성하는 백엔드 웹개발 초격차 패키지/Part 1. 나만의 MVC 프레임워크 만들기/apache-tomcat-9.0.91
13-Feb-2025 00:15:59.100 정보 [main] org.apache.catalina.startup.VersionLoggerListener.log 명령 행 아규먼트:  -Djava.io.tmpdir=/Users/duck/Desktop/Workspace/FastCampus/10개 프로젝트로 완성하는 백엔드 웹개발 초격차 패키지/Part 1. 나만의 MVC 프레임워크 만들기/apache-tomcat-9.0.91/temp
13-Feb-2025 00:15:59.107 정보 [main] org.apache.catalina.core.AprLifecycleListener.lifecycleEvent 프로덕션 환경들에서 최적의 성능을 제공하는, APR 기반 Apache Tomcat Native 라이브러리가, 다음 java.library.path에서 발견되지 않습니다: [/Users/duck/Library/Java/Extensions:/Library/Java/Extensions:/Network/Library/Java/Extensions:/System/Library/Java/Extensions:/usr/lib/java:.]
13-Feb-2025 00:15:59.231 정보 [main] org.apache.coyote.AbstractProtocol.init 프로토콜 핸들러 ["http-nio-8080"]을(를) 초기화합니다.
13-Feb-2025 00:15:59.242 정보 [main] org.apache.catalina.startup.Catalina.load [236] 밀리초 내에 서버가 초기화되었습니다.
13-Feb-2025 00:15:59.257 정보 [main] org.apache.catalina.core.StandardService.startInternal 서비스 [Catalina]을(를) 시작합니다.
13-Feb-2025 00:15:59.258 정보 [main] org.apache.catalina.core.StandardEngine.startInternal 서버 엔진을 시작합니다: [Apache Tomcat/9.0.91]
13-Feb-2025 00:15:59.260 정보 [main] org.apache.catalina.startup.HostConfig.deployDirectory 웹 애플리케이션 디렉토리 [/Users/duck/Desktop/Workspace/FastCampus/10개 프로젝트로 완성하는 백엔드 웹개발 초격차 패키지/Part 1. 나만의 MVC 프레임워크 만들기/apache-tomcat-9.0.91/webapps/docs]을(를) 배치합니다.
13-Feb-2025 00:15:59.386 정보 [main] org.apache.catalina.startup.HostConfig.deployDirectory 웹 애플리케이션 디렉토리 [/Users/duck/Desktop/Workspace/FastCampus/10개 프로젝트로 완성하는 백엔드 웹개발 초격차 패키지/Part 1. 나만의 MVC 프레임워크 만들기/apache-tomcat-9.0.91/webapps/docs]에 대한 배치가 [125] 밀리초에 완료되었습니다.
13-Feb-2025 00:15:59.386 정보 [main] org.apache.catalina.startup.HostConfig.deployDirectory 웹 애플리케이션 디렉토리 [/Users/duck/Desktop/Workspace/FastCampus/10개 프로젝트로 완성하는 백엔드 웹개발 초격차 패키지/Part 1. 나만의 MVC 프레임워크 만들기/apache-tomcat-9.0.91/webapps/manager]을(를) 배치합니다.
13-Feb-2025 00:15:59.405 정보 [main] org.apache.catalina.startup.HostConfig.deployDirectory 웹 애플리케이션 디렉토리 [/Users/duck/Desktop/Workspace/FastCampus/10개 프로젝트로 완성하는 백엔드 웹개발 초격차 패키지/Part 1. 나만의 MVC 프레임워크 만들기/apache-tomcat-9.0.91/webapps/manager]에 대한 배치가 [19] 밀리초에 완료되었습니다.
13-Feb-2025 00:15:59.405 정보 [main] org.apache.catalina.startup.HostConfig.deployDirectory 웹 애플리케이션 디렉토리 [/Users/duck/Desktop/Workspace/FastCampus/10개 프로젝트로 완성하는 백엔드 웹개발 초격차 패키지/Part 1. 나만의 MVC 프레임워크 만들기/apache-tomcat-9.0.91/webapps/examples]을(를) 배치합니다.
13-Feb-2025 00:15:59.526 정보 [main] org.apache.catalina.startup.HostConfig.deployDirectory 웹 애플리케이션 디렉토리 [/Users/duck/Desktop/Workspace/FastCampus/10개 프로젝트로 완성하는 백엔드 웹개발 초격차 패키지/Part 1. 나만의 MVC 프레임워크 만들기/apache-tomcat-9.0.91/webapps/examples]에 대한 배치가 [121] 밀리초에 완료되었습니다.
13-Feb-2025 00:15:59.526 정보 [main] org.apache.catalina.startup.HostConfig.deployDirectory 웹 애플리케이션 디렉토리 [/Users/duck/Desktop/Workspace/FastCampus/10개 프로젝트로 완성하는 백엔드 웹개발 초격차 패키지/Part 1. 나만의 MVC 프레임워크 만들기/apache-tomcat-9.0.91/webapps/ROOT]을(를) 배치합니다.
13-Feb-2025 00:15:59.535 정보 [main] org.apache.catalina.startup.HostConfig.deployDirectory 웹 애플리케이션 디렉토리 [/Users/duck/Desktop/Workspace/FastCampus/10개 프로젝트로 완성하는 백엔드 웹개발 초격차 패키지/Part 1. 나만의 MVC 프레임워크 만들기/apache-tomcat-9.0.91/webapps/ROOT]에 대한 배치가 [9] 밀리초에 완료되었습니다.
13-Feb-2025 00:15:59.535 정보 [main] org.apache.catalina.startup.HostConfig.deployDirectory 웹 애플리케이션 디렉토리 [/Users/duck/Desktop/Workspace/FastCampus/10개 프로젝트로 완성하는 백엔드 웹개발 초격차 패키지/Part 1. 나만의 MVC 프레임워크 만들기/apache-tomcat-9.0.91/webapps/host-manager]을(를) 배치합니다.
13-Feb-2025 00:15:59.545 정보 [main] org.apache.catalina.startup.HostConfig.deployDirectory 웹 애플리케이션 디렉토리 [/Users/duck/Desktop/Workspace/FastCampus/10개 프로젝트로 완성하는 백엔드 웹개발 초격차 패키지/Part 1. 나만의 MVC 프레임워크 만들기/apache-tomcat-9.0.91/webapps/host-manager]에 대한 배치가 [10] 밀리초에 완료되었습니다.
13-Feb-2025 00:15:59.547 정보 [main] org.apache.coyote.AbstractProtocol.start 프로토콜 핸들러 ["http-nio-8080"]을(를) 시작합니다.
13-Feb-2025 00:15:59.551 정보 [main] org.apache.catalina.startup.Catalina.start 서버가 [307] 밀리초 내에 시작되었습니다.
13-Feb-2025 00:16:24.637 정보 [main] org.apache.catalina.core.StandardServer.await 셧다운 포트를 통해 유효한 셧다운 명령을 받았습니다. 서버 인스턴스를 중지시킵니다.
13-Feb-2025 00:16:24.637 정보 [main] org.apache.coyote.AbstractProtocol.pause 프로토콜 핸들러 ["http-nio-8080"]을(를) 일시 정지 중
13-Feb-2025 00:16:25.641 정보 [main] org.apache.catalina.core.StandardService.stopInternal 서비스 [Catalina]을(를) 중지시킵니다.
13-Feb-2025 00:16:25.665 정보 [main] org.apache.coyote.AbstractProtocol.stop 프로토콜 핸들러 ["http-nio-8080"]을(를) 중지시킵니다.
13-Feb-2025 00:16:26.271 경고 [main] org.apache.tomcat.util.net.Acceptor.stopMillis acceptor 쓰레드 [http-nio-8080-Acceptor](이)가 깨끗이 중지되지 않았습니다.
13-Feb-2025 00:16:26.275 정보 [main] org.apache.coyote.AbstractProtocol.destroy 프로토콜 핸들러 ["http-nio-8080"]을(를) 소멸시킵니다.
