NOTE: Picked up JDK_JAVA_OPTIONS:  --add-opens=java.base/java.lang=ALL-UNNAMED --add-opens=java.base/java.io=ALL-UNNAMED --add-opens=java.base/java.util=ALL-UNNAMED --add-opens=java.base/java.util.concurrent=ALL-UNNAMED --add-opens=java.rmi/sun.rmi.transport=ALL-UNNAMED
23-Jul-2024 01:55:16.181 정보 [main] org.apache.catalina.startup.VersionLoggerListener.log 서버 버전 이름:    Apache Tomcat/9.0.91
23-Jul-2024 01:55:16.183 정보 [main] org.apache.catalina.startup.VersionLoggerListener.log Server 빌드 시각:  Jul 2 2024 12:35:51 UTC
23-Jul-2024 01:55:16.183 정보 [main] org.apache.catalina.startup.VersionLoggerListener.log Server 버전 번호:  9.0.91.0
23-Jul-2024 01:55:16.183 정보 [main] org.apache.catalina.startup.VersionLoggerListener.log 운영체제 이름:     Mac OS X
23-Jul-2024 01:55:16.183 정보 [main] org.apache.catalina.startup.VersionLoggerListener.log 운영체제 버전:     15.0
23-Jul-2024 01:55:16.183 정보 [main] org.apache.catalina.startup.VersionLoggerListener.log 아키텍처:          aarch64
23-Jul-2024 01:55:16.183 정보 [main] org.apache.catalina.startup.VersionLoggerListener.log 자바 홈:           /Users/duck/Library/Java/JavaVirtualMachines/corretto-21.0.3-1/Contents/Home
23-Jul-2024 01:55:16.183 정보 [main] org.apache.catalina.startup.VersionLoggerListener.log JVM 버전:          21.0.3+9-LTS
23-Jul-2024 01:55:16.183 정보 [main] org.apache.catalina.startup.VersionLoggerListener.log JVM 벤더:          Amazon.com Inc.
23-Jul-2024 01:55:16.183 정보 [main] org.apache.catalina.startup.VersionLoggerListener.log CATALINA_BASE:     /Users/duck/Downloads/apache-tomcat-9.0.91
23-Jul-2024 01:55:16.183 정보 [main] org.apache.catalina.startup.VersionLoggerListener.log CATALINA_HOME:     /Users/duck/Downloads/apache-tomcat-9.0.91
23-Jul-2024 01:55:16.197 정보 [main] org.apache.catalina.startup.VersionLoggerListener.log 명령 행 아규먼트:  --add-opens=java.base/java.lang=ALL-UNNAMED
23-Jul-2024 01:55:16.197 정보 [main] org.apache.catalina.startup.VersionLoggerListener.log 명령 행 아규먼트:  --add-opens=java.base/java.io=ALL-UNNAMED
23-Jul-2024 01:55:16.197 정보 [main] org.apache.catalina.startup.VersionLoggerListener.log 명령 행 아규먼트:  --add-opens=java.base/java.util=ALL-UNNAMED
23-Jul-2024 01:55:16.197 정보 [main] org.apache.catalina.startup.VersionLoggerListener.log 명령 행 아규먼트:  --add-opens=java.base/java.util.concurrent=ALL-UNNAMED
23-Jul-2024 01:55:16.197 정보 [main] org.apache.catalina.startup.VersionLoggerListener.log 명령 행 아규먼트:  --add-opens=java.rmi/sun.rmi.transport=ALL-UNNAMED
23-Jul-2024 01:55:16.197 정보 [main] org.apache.catalina.startup.VersionLoggerListener.log 명령 행 아규먼트:  -Djava.util.logging.config.file=/Users/duck/Downloads/apache-tomcat-9.0.91/conf/logging.properties
23-Jul-2024 01:55:16.197 정보 [main] org.apache.catalina.startup.VersionLoggerListener.log 명령 행 아규먼트:  -Djava.util.logging.manager=org.apache.juli.ClassLoaderLogManager
23-Jul-2024 01:55:16.197 정보 [main] org.apache.catalina.startup.VersionLoggerListener.log 명령 행 아규먼트:  -Djdk.tls.ephemeralDHKeySize=2048
23-Jul-2024 01:55:16.197 정보 [main] org.apache.catalina.startup.VersionLoggerListener.log 명령 행 아규먼트:  -Djava.protocol.handler.pkgs=org.apache.catalina.webresources
23-Jul-2024 01:55:16.197 정보 [main] org.apache.catalina.startup.VersionLoggerListener.log 명령 행 아규먼트:  -Dorg.apache.catalina.security.SecurityListener.UMASK=0027
23-Jul-2024 01:55:16.197 정보 [main] org.apache.catalina.startup.VersionLoggerListener.log 명령 행 아규먼트:  -Dignore.endorsed.dirs=
23-Jul-2024 01:55:16.197 정보 [main] org.apache.catalina.startup.VersionLoggerListener.log 명령 행 아규먼트:  -Dcatalina.base=/Users/duck/Downloads/apache-tomcat-9.0.91
23-Jul-2024 01:55:16.197 정보 [main] org.apache.catalina.startup.VersionLoggerListener.log 명령 행 아규먼트:  -Dcatalina.home=/Users/duck/Downloads/apache-tomcat-9.0.91
23-Jul-2024 01:55:16.197 정보 [main] org.apache.catalina.startup.VersionLoggerListener.log 명령 행 아규먼트:  -Djava.io.tmpdir=/Users/duck/Downloads/apache-tomcat-9.0.91/temp
23-Jul-2024 01:55:16.203 정보 [main] org.apache.catalina.core.AprLifecycleListener.lifecycleEvent 프로덕션 환경들에서 최적의 성능을 제공하는, APR 기반 Apache Tomcat Native 라이브러리가, 다음 java.library.path에서 발견되지 않습니다: [/Users/duck/Library/Java/Extensions:/Library/Java/Extensions:/Network/Library/Java/Extensions:/System/Library/Java/Extensions:/usr/lib/java:.]
23-Jul-2024 01:55:16.353 정보 [main] org.apache.coyote.AbstractProtocol.init 프로토콜 핸들러 ["http-nio-8080"]을(를) 초기화합니다.
23-Jul-2024 01:55:16.370 정보 [main] org.apache.catalina.startup.Catalina.load [290] 밀리초 내에 서버가 초기화되었습니다.
23-Jul-2024 01:55:16.386 정보 [main] org.apache.catalina.core.StandardService.startInternal 서비스 [Catalina]을(를) 시작합니다.
23-Jul-2024 01:55:16.387 정보 [main] org.apache.catalina.core.StandardEngine.startInternal 서버 엔진을 시작합니다: [Apache Tomcat/9.0.91]
23-Jul-2024 01:55:16.390 정보 [main] org.apache.catalina.startup.HostConfig.deployDirectory 웹 애플리케이션 디렉토리 [/Users/duck/Downloads/apache-tomcat-9.0.91/webapps/docs]을(를) 배치합니다.
23-Jul-2024 01:55:16.521 정보 [main] org.apache.catalina.startup.HostConfig.deployDirectory 웹 애플리케이션 디렉토리 [/Users/duck/Downloads/apache-tomcat-9.0.91/webapps/docs]에 대한 배치가 [128] 밀리초에 완료되었습니다.
23-Jul-2024 01:55:16.521 정보 [main] org.apache.catalina.startup.HostConfig.deployDirectory 웹 애플리케이션 디렉토리 [/Users/duck/Downloads/apache-tomcat-9.0.91/webapps/manager]을(를) 배치합니다.
23-Jul-2024 01:55:16.535 정보 [main] org.apache.catalina.startup.HostConfig.deployDirectory 웹 애플리케이션 디렉토리 [/Users/duck/Downloads/apache-tomcat-9.0.91/webapps/manager]에 대한 배치가 [14] 밀리초에 완료되었습니다.
23-Jul-2024 01:55:16.535 정보 [main] org.apache.catalina.startup.HostConfig.deployDirectory 웹 애플리케이션 디렉토리 [/Users/duck/Downloads/apache-tomcat-9.0.91/webapps/examples]을(를) 배치합니다.
23-Jul-2024 01:55:16.627 정보 [main] org.apache.catalina.startup.HostConfig.deployDirectory 웹 애플리케이션 디렉토리 [/Users/duck/Downloads/apache-tomcat-9.0.91/webapps/examples]에 대한 배치가 [92] 밀리초에 완료되었습니다.
23-Jul-2024 01:55:16.627 정보 [main] org.apache.catalina.startup.HostConfig.deployDirectory 웹 애플리케이션 디렉토리 [/Users/duck/Downloads/apache-tomcat-9.0.91/webapps/ROOT]을(를) 배치합니다.
23-Jul-2024 01:55:16.633 정보 [main] org.apache.catalina.startup.HostConfig.deployDirectory 웹 애플리케이션 디렉토리 [/Users/duck/Downloads/apache-tomcat-9.0.91/webapps/ROOT]에 대한 배치가 [6] 밀리초에 완료되었습니다.
23-Jul-2024 01:55:16.633 정보 [main] org.apache.catalina.startup.HostConfig.deployDirectory 웹 애플리케이션 디렉토리 [/Users/duck/Downloads/apache-tomcat-9.0.91/webapps/host-manager]을(를) 배치합니다.
23-Jul-2024 01:55:16.640 정보 [main] org.apache.catalina.startup.HostConfig.deployDirectory 웹 애플리케이션 디렉토리 [/Users/duck/Downloads/apache-tomcat-9.0.91/webapps/host-manager]에 대한 배치가 [7] 밀리초에 완료되었습니다.
23-Jul-2024 01:55:16.642 정보 [main] org.apache.coyote.AbstractProtocol.start 프로토콜 핸들러 ["http-nio-8080"]을(를) 시작합니다.
23-Jul-2024 01:55:16.646 정보 [main] org.apache.catalina.startup.Catalina.start 서버가 [275] 밀리초 내에 시작되었습니다.
NOTE: Picked up JDK_JAVA_OPTIONS:  --add-opens=java.base/java.lang=ALL-UNNAMED --add-opens=java.base/java.io=ALL-UNNAMED --add-opens=java.base/java.util=ALL-UNNAMED --add-opens=java.base/java.util.concurrent=ALL-UNNAMED --add-opens=java.rmi/sun.rmi.transport=ALL-UNNAMED
23-Jul-2024 01:55:31.438 정보 [main] org.apache.catalina.startup.VersionLoggerListener.log 서버 버전 이름:    Apache Tomcat/9.0.91
23-Jul-2024 01:55:31.440 정보 [main] org.apache.catalina.startup.VersionLoggerListener.log Server 빌드 시각:  Jul 2 2024 12:35:51 UTC
23-Jul-2024 01:55:31.440 정보 [main] org.apache.catalina.startup.VersionLoggerListener.log Server 버전 번호:  9.0.91.0
23-Jul-2024 01:55:31.440 정보 [main] org.apache.catalina.startup.VersionLoggerListener.log 운영체제 이름:     Mac OS X
23-Jul-2024 01:55:31.440 정보 [main] org.apache.catalina.startup.VersionLoggerListener.log 운영체제 버전:     15.0
23-Jul-2024 01:55:31.440 정보 [main] org.apache.catalina.startup.VersionLoggerListener.log 아키텍처:          aarch64
23-Jul-2024 01:55:31.440 정보 [main] org.apache.catalina.startup.VersionLoggerListener.log 자바 홈:           /Users/duck/Library/Java/JavaVirtualMachines/corretto-21.0.3-1/Contents/Home
23-Jul-2024 01:55:31.440 정보 [main] org.apache.catalina.startup.VersionLoggerListener.log JVM 버전:          21.0.3+9-LTS
23-Jul-2024 01:55:31.440 정보 [main] org.apache.catalina.startup.VersionLoggerListener.log JVM 벤더:          Amazon.com Inc.
23-Jul-2024 01:55:31.440 정보 [main] org.apache.catalina.startup.VersionLoggerListener.log CATALINA_BASE:     /Users/duck/Downloads/apache-tomcat-9.0.91
23-Jul-2024 01:55:31.440 정보 [main] org.apache.catalina.startup.VersionLoggerListener.log CATALINA_HOME:     /Users/duck/Downloads/apache-tomcat-9.0.91
23-Jul-2024 01:55:31.444 정보 [main] org.apache.catalina.startup.VersionLoggerListener.log 명령 행 아규먼트:  --add-opens=java.base/java.lang=ALL-UNNAMED
23-Jul-2024 01:55:31.444 정보 [main] org.apache.catalina.startup.VersionLoggerListener.log 명령 행 아규먼트:  --add-opens=java.base/java.io=ALL-UNNAMED
23-Jul-2024 01:55:31.444 정보 [main] org.apache.catalina.startup.VersionLoggerListener.log 명령 행 아규먼트:  --add-opens=java.base/java.util=ALL-UNNAMED
23-Jul-2024 01:55:31.444 정보 [main] org.apache.catalina.startup.VersionLoggerListener.log 명령 행 아규먼트:  --add-opens=java.base/java.util.concurrent=ALL-UNNAMED
23-Jul-2024 01:55:31.444 정보 [main] org.apache.catalina.startup.VersionLoggerListener.log 명령 행 아규먼트:  --add-opens=java.rmi/sun.rmi.transport=ALL-UNNAMED
23-Jul-2024 01:55:31.444 정보 [main] org.apache.catalina.startup.VersionLoggerListener.log 명령 행 아규먼트:  -Djava.util.logging.config.file=/Users/duck/Downloads/apache-tomcat-9.0.91/conf/logging.properties
23-Jul-2024 01:55:31.444 정보 [main] org.apache.catalina.startup.VersionLoggerListener.log 명령 행 아규먼트:  -Djava.util.logging.manager=org.apache.juli.ClassLoaderLogManager
23-Jul-2024 01:55:31.444 정보 [main] org.apache.catalina.startup.VersionLoggerListener.log 명령 행 아규먼트:  -Djdk.tls.ephemeralDHKeySize=2048
23-Jul-2024 01:55:31.444 정보 [main] org.apache.catalina.startup.VersionLoggerListener.log 명령 행 아규먼트:  -Djava.protocol.handler.pkgs=org.apache.catalina.webresources
23-Jul-2024 01:55:31.444 정보 [main] org.apache.catalina.startup.VersionLoggerListener.log 명령 행 아규먼트:  -Dorg.apache.catalina.security.SecurityListener.UMASK=0027
23-Jul-2024 01:55:31.444 정보 [main] org.apache.catalina.startup.VersionLoggerListener.log 명령 행 아규먼트:  -Dignore.endorsed.dirs=
23-Jul-2024 01:55:31.444 정보 [main] org.apache.catalina.startup.VersionLoggerListener.log 명령 행 아규먼트:  -Dcatalina.base=/Users/duck/Downloads/apache-tomcat-9.0.91
23-Jul-2024 01:55:31.444 정보 [main] org.apache.catalina.startup.VersionLoggerListener.log 명령 행 아규먼트:  -Dcatalina.home=/Users/duck/Downloads/apache-tomcat-9.0.91
23-Jul-2024 01:55:31.444 정보 [main] org.apache.catalina.startup.VersionLoggerListener.log 명령 행 아규먼트:  -Djava.io.tmpdir=/Users/duck/Downloads/apache-tomcat-9.0.91/temp
23-Jul-2024 01:55:31.450 정보 [main] org.apache.catalina.core.AprLifecycleListener.lifecycleEvent 프로덕션 환경들에서 최적의 성능을 제공하는, APR 기반 Apache Tomcat Native 라이브러리가, 다음 java.library.path에서 발견되지 않습니다: [/Users/duck/Library/Java/Extensions:/Library/Java/Extensions:/Network/Library/Java/Extensions:/System/Library/Java/Extensions:/usr/lib/java:.]
23-Jul-2024 01:55:31.580 정보 [main] org.apache.coyote.AbstractProtocol.init 프로토콜 핸들러 ["http-nio-8080"]을(를) 초기화합니다.
23-Jul-2024 01:55:31.587 심각 [main] org.apache.catalina.util.LifecycleBase.handleSubClassException 구성요소 [Connector["http-nio-8080"]]을(를) 초기화하지 못했습니다.
	org.apache.catalina.LifecycleException: 프로토콜 핸들러 초기화가 실패했습니다.
		at org.apache.catalina.connector.Connector.initInternal(Connector.java:1012)
		at org.apache.catalina.util.LifecycleBase.init(LifecycleBase.java:122)
		at org.apache.catalina.core.StandardService.initInternal(StandardService.java:525)
		at org.apache.catalina.util.LifecycleBase.init(LifecycleBase.java:122)
		at org.apache.catalina.core.StandardServer.initInternal(StandardServer.java:990)
		at org.apache.catalina.util.LifecycleBase.init(LifecycleBase.java:122)
		at org.apache.catalina.startup.Catalina.load(Catalina.java:686)
		at org.apache.catalina.startup.Catalina.load(Catalina.java:709)
		at java.base/jdk.internal.reflect.DirectMethodHandleAccessor.invoke(DirectMethodHandleAccessor.java:103)
		at java.base/java.lang.reflect.Method.invoke(Method.java:580)
		at org.apache.catalina.startup.Bootstrap.load(Bootstrap.java:302)
		at org.apache.catalina.startup.Bootstrap.main(Bootstrap.java:472)
	Caused by: java.net.BindException: Address already in use
		at java.base/sun.nio.ch.Net.bind0(Native Method)
		at java.base/sun.nio.ch.Net.bind(Net.java:565)
		at java.base/sun.nio.ch.ServerSocketChannelImpl.netBind(ServerSocketChannelImpl.java:344)
		at java.base/sun.nio.ch.ServerSocketChannelImpl.bind(ServerSocketChannelImpl.java:301)
		at org.apache.tomcat.util.net.NioEndpoint.initServerSocket(NioEndpoint.java:268)
		at org.apache.tomcat.util.net.NioEndpoint.bind(NioEndpoint.java:223)
		at org.apache.tomcat.util.net.AbstractEndpoint.bindWithCleanup(AbstractEndpoint.java:1373)
		at org.apache.tomcat.util.net.AbstractEndpoint.init(AbstractEndpoint.java:1386)
		at org.apache.coyote.AbstractProtocol.init(AbstractProtocol.java:662)
		at org.apache.coyote.http11.AbstractHttp11Protocol.init(AbstractHttp11Protocol.java:75)
		at org.apache.catalina.connector.Connector.initInternal(Connector.java:1010)
		... 11 more
23-Jul-2024 01:55:31.587 정보 [main] org.apache.catalina.startup.Catalina.load [226] 밀리초 내에 서버가 초기화되었습니다.
23-Jul-2024 01:55:31.600 정보 [main] org.apache.catalina.core.StandardService.startInternal 서비스 [Catalina]을(를) 시작합니다.
23-Jul-2024 01:55:31.600 정보 [main] org.apache.catalina.core.StandardEngine.startInternal 서버 엔진을 시작합니다: [Apache Tomcat/9.0.91]
23-Jul-2024 01:55:31.602 정보 [main] org.apache.catalina.startup.HostConfig.deployDirectory 웹 애플리케이션 디렉토리 [/Users/duck/Downloads/apache-tomcat-9.0.91/webapps/docs]을(를) 배치합니다.
23-Jul-2024 01:55:31.710 정보 [main] org.apache.catalina.startup.HostConfig.deployDirectory 웹 애플리케이션 디렉토리 [/Users/duck/Downloads/apache-tomcat-9.0.91/webapps/docs]에 대한 배치가 [107] 밀리초에 완료되었습니다.
23-Jul-2024 01:55:31.710 정보 [main] org.apache.catalina.startup.HostConfig.deployDirectory 웹 애플리케이션 디렉토리 [/Users/duck/Downloads/apache-tomcat-9.0.91/webapps/manager]을(를) 배치합니다.
23-Jul-2024 01:55:31.724 정보 [main] org.apache.catalina.startup.HostConfig.deployDirectory 웹 애플리케이션 디렉토리 [/Users/duck/Downloads/apache-tomcat-9.0.91/webapps/manager]에 대한 배치가 [14] 밀리초에 완료되었습니다.
23-Jul-2024 01:55:31.724 정보 [main] org.apache.catalina.startup.HostConfig.deployDirectory 웹 애플리케이션 디렉토리 [/Users/duck/Downloads/apache-tomcat-9.0.91/webapps/examples]을(를) 배치합니다.
23-Jul-2024 01:55:31.822 정보 [main] org.apache.catalina.startup.HostConfig.deployDirectory 웹 애플리케이션 디렉토리 [/Users/duck/Downloads/apache-tomcat-9.0.91/webapps/examples]에 대한 배치가 [98] 밀리초에 완료되었습니다.
23-Jul-2024 01:55:31.822 정보 [main] org.apache.catalina.startup.HostConfig.deployDirectory 웹 애플리케이션 디렉토리 [/Users/duck/Downloads/apache-tomcat-9.0.91/webapps/ROOT]을(를) 배치합니다.
23-Jul-2024 01:55:31.829 정보 [main] org.apache.catalina.startup.HostConfig.deployDirectory 웹 애플리케이션 디렉토리 [/Users/duck/Downloads/apache-tomcat-9.0.91/webapps/ROOT]에 대한 배치가 [6] 밀리초에 완료되었습니다.
23-Jul-2024 01:55:31.829 정보 [main] org.apache.catalina.startup.HostConfig.deployDirectory 웹 애플리케이션 디렉토리 [/Users/duck/Downloads/apache-tomcat-9.0.91/webapps/host-manager]을(를) 배치합니다.
23-Jul-2024 01:55:31.837 정보 [main] org.apache.catalina.startup.HostConfig.deployDirectory 웹 애플리케이션 디렉토리 [/Users/duck/Downloads/apache-tomcat-9.0.91/webapps/host-manager]에 대한 배치가 [8] 밀리초에 완료되었습니다.
23-Jul-2024 01:55:31.839 정보 [main] org.apache.catalina.startup.Catalina.start 서버가 [251] 밀리초 내에 시작되었습니다.
23-Jul-2024 01:55:31.841 심각 [main] org.apache.catalina.core.StandardServer.await 주소 [localhost]와(과) 포트 [8005]에, 서버 셧다운 소켓을 생성하지 못했습니다. (base 포트 [8005], offset [0])
	java.net.BindException: Address already in use
		at java.base/sun.nio.ch.Net.bind0(Native Method)
		at java.base/sun.nio.ch.Net.bind(Net.java:565)
		at java.base/sun.nio.ch.Net.bind(Net.java:554)
		at java.base/sun.nio.ch.NioSocketImpl.bind(NioSocketImpl.java:636)
		at java.base/java.net.ServerSocket.bind(ServerSocket.java:391)
		at java.base/java.net.ServerSocket.<init>(ServerSocket.java:278)
		at org.apache.catalina.core.StandardServer.await(StandardServer.java:541)
		at org.apache.catalina.startup.Catalina.await(Catalina.java:825)
		at org.apache.catalina.startup.Catalina.start(Catalina.java:773)
		at java.base/jdk.internal.reflect.DirectMethodHandleAccessor.invoke(DirectMethodHandleAccessor.java:103)
		at java.base/java.lang.reflect.Method.invoke(Method.java:580)
		at org.apache.catalina.startup.Bootstrap.start(Bootstrap.java:345)
		at org.apache.catalina.startup.Bootstrap.main(Bootstrap.java:473)
23-Jul-2024 01:55:31.841 정보 [main] org.apache.coyote.AbstractProtocol.pause 프로토콜 핸들러 ["http-nio-8080"]을(를) 일시 정지 중
23-Jul-2024 01:55:31.841 정보 [main] org.apache.catalina.core.StandardService.stopInternal 서비스 [Catalina]을(를) 중지시킵니다.
23-Jul-2024 01:55:31.852 정보 [main] org.apache.coyote.AbstractProtocol.stop 프로토콜 핸들러 ["http-nio-8080"]을(를) 중지시킵니다.
23-Jul-2024 01:55:31.852 정보 [main] org.apache.coyote.AbstractProtocol.destroy 프로토콜 핸들러 ["http-nio-8080"]을(를) 소멸시킵니다.
NOTE: Picked up JDK_JAVA_OPTIONS:  --add-opens=java.base/java.lang=ALL-UNNAMED --add-opens=java.base/java.io=ALL-UNNAMED --add-opens=java.base/java.util=ALL-UNNAMED --add-opens=java.base/java.util.concurrent=ALL-UNNAMED --add-opens=java.rmi/sun.rmi.transport=ALL-UNNAMED
23-Jul-2024 01:57:24.638 정보 [main] org.apache.catalina.startup.VersionLoggerListener.log 서버 버전 이름:    Apache Tomcat/9.0.91
23-Jul-2024 01:57:24.639 정보 [main] org.apache.catalina.startup.VersionLoggerListener.log Server 빌드 시각:  Jul 2 2024 12:35:51 UTC
23-Jul-2024 01:57:24.639 정보 [main] org.apache.catalina.startup.VersionLoggerListener.log Server 버전 번호:  9.0.91.0
23-Jul-2024 01:57:24.639 정보 [main] org.apache.catalina.startup.VersionLoggerListener.log 운영체제 이름:     Mac OS X
23-Jul-2024 01:57:24.640 정보 [main] org.apache.catalina.startup.VersionLoggerListener.log 운영체제 버전:     15.0
23-Jul-2024 01:57:24.640 정보 [main] org.apache.catalina.startup.VersionLoggerListener.log 아키텍처:          aarch64
23-Jul-2024 01:57:24.640 정보 [main] org.apache.catalina.startup.VersionLoggerListener.log 자바 홈:           /Users/duck/Library/Java/JavaVirtualMachines/corretto-21.0.3-1/Contents/Home
23-Jul-2024 01:57:24.640 정보 [main] org.apache.catalina.startup.VersionLoggerListener.log JVM 버전:          21.0.3+9-LTS
23-Jul-2024 01:57:24.640 정보 [main] org.apache.catalina.startup.VersionLoggerListener.log JVM 벤더:          Amazon.com Inc.
23-Jul-2024 01:57:24.640 정보 [main] org.apache.catalina.startup.VersionLoggerListener.log CATALINA_BASE:     /Users/duck/Downloads/apache-tomcat-9.0.91
23-Jul-2024 01:57:24.640 정보 [main] org.apache.catalina.startup.VersionLoggerListener.log CATALINA_HOME:     /Users/duck/Downloads/apache-tomcat-9.0.91
23-Jul-2024 01:57:24.644 정보 [main] org.apache.catalina.startup.VersionLoggerListener.log 명령 행 아규먼트:  --add-opens=java.base/java.lang=ALL-UNNAMED
23-Jul-2024 01:57:24.644 정보 [main] org.apache.catalina.startup.VersionLoggerListener.log 명령 행 아규먼트:  --add-opens=java.base/java.io=ALL-UNNAMED
23-Jul-2024 01:57:24.644 정보 [main] org.apache.catalina.startup.VersionLoggerListener.log 명령 행 아규먼트:  --add-opens=java.base/java.util=ALL-UNNAMED
23-Jul-2024 01:57:24.644 정보 [main] org.apache.catalina.startup.VersionLoggerListener.log 명령 행 아규먼트:  --add-opens=java.base/java.util.concurrent=ALL-UNNAMED
23-Jul-2024 01:57:24.644 정보 [main] org.apache.catalina.startup.VersionLoggerListener.log 명령 행 아규먼트:  --add-opens=java.rmi/sun.rmi.transport=ALL-UNNAMED
23-Jul-2024 01:57:24.644 정보 [main] org.apache.catalina.startup.VersionLoggerListener.log 명령 행 아규먼트:  -Djava.util.logging.config.file=/Users/duck/Downloads/apache-tomcat-9.0.91/conf/logging.properties
23-Jul-2024 01:57:24.644 정보 [main] org.apache.catalina.startup.VersionLoggerListener.log 명령 행 아규먼트:  -Djava.util.logging.manager=org.apache.juli.ClassLoaderLogManager
23-Jul-2024 01:57:24.644 정보 [main] org.apache.catalina.startup.VersionLoggerListener.log 명령 행 아규먼트:  -Djdk.tls.ephemeralDHKeySize=2048
23-Jul-2024 01:57:24.644 정보 [main] org.apache.catalina.startup.VersionLoggerListener.log 명령 행 아규먼트:  -Djava.protocol.handler.pkgs=org.apache.catalina.webresources
23-Jul-2024 01:57:24.644 정보 [main] org.apache.catalina.startup.VersionLoggerListener.log 명령 행 아규먼트:  -Dorg.apache.catalina.security.SecurityListener.UMASK=0027
23-Jul-2024 01:57:24.644 정보 [main] org.apache.catalina.startup.VersionLoggerListener.log 명령 행 아규먼트:  -Dignore.endorsed.dirs=
23-Jul-2024 01:57:24.644 정보 [main] org.apache.catalina.startup.VersionLoggerListener.log 명령 행 아규먼트:  -Dcatalina.base=/Users/duck/Downloads/apache-tomcat-9.0.91
23-Jul-2024 01:57:24.644 정보 [main] org.apache.catalina.startup.VersionLoggerListener.log 명령 행 아규먼트:  -Dcatalina.home=/Users/duck/Downloads/apache-tomcat-9.0.91
23-Jul-2024 01:57:24.644 정보 [main] org.apache.catalina.startup.VersionLoggerListener.log 명령 행 아규먼트:  -Djava.io.tmpdir=/Users/duck/Downloads/apache-tomcat-9.0.91/temp
23-Jul-2024 01:57:24.649 정보 [main] org.apache.catalina.core.AprLifecycleListener.lifecycleEvent 프로덕션 환경들에서 최적의 성능을 제공하는, APR 기반 Apache Tomcat Native 라이브러리가, 다음 java.library.path에서 발견되지 않습니다: [/Users/duck/Library/Java/Extensions:/Library/Java/Extensions:/Network/Library/Java/Extensions:/System/Library/Java/Extensions:/usr/lib/java:.]
23-Jul-2024 01:57:24.778 정보 [main] org.apache.coyote.AbstractProtocol.init 프로토콜 핸들러 ["http-nio-8080"]을(를) 초기화합니다.
23-Jul-2024 01:57:24.788 심각 [main] org.apache.catalina.util.LifecycleBase.handleSubClassException 구성요소 [Connector["http-nio-8080"]]을(를) 초기화하지 못했습니다.
	org.apache.catalina.LifecycleException: 프로토콜 핸들러 초기화가 실패했습니다.
		at org.apache.catalina.connector.Connector.initInternal(Connector.java:1012)
		at org.apache.catalina.util.LifecycleBase.init(LifecycleBase.java:122)
		at org.apache.catalina.core.StandardService.initInternal(StandardService.java:525)
		at org.apache.catalina.util.LifecycleBase.init(LifecycleBase.java:122)
		at org.apache.catalina.core.StandardServer.initInternal(StandardServer.java:990)
		at org.apache.catalina.util.LifecycleBase.init(LifecycleBase.java:122)
		at org.apache.catalina.startup.Catalina.load(Catalina.java:686)
		at org.apache.catalina.startup.Catalina.load(Catalina.java:709)
		at java.base/jdk.internal.reflect.DirectMethodHandleAccessor.invoke(DirectMethodHandleAccessor.java:103)
		at java.base/java.lang.reflect.Method.invoke(Method.java:580)
		at org.apache.catalina.startup.Bootstrap.load(Bootstrap.java:302)
		at org.apache.catalina.startup.Bootstrap.main(Bootstrap.java:472)
	Caused by: java.net.BindException: Address already in use
		at java.base/sun.nio.ch.Net.bind0(Native Method)
		at java.base/sun.nio.ch.Net.bind(Net.java:565)
		at java.base/sun.nio.ch.ServerSocketChannelImpl.netBind(ServerSocketChannelImpl.java:344)
		at java.base/sun.nio.ch.ServerSocketChannelImpl.bind(ServerSocketChannelImpl.java:301)
		at org.apache.tomcat.util.net.NioEndpoint.initServerSocket(NioEndpoint.java:268)
		at org.apache.tomcat.util.net.NioEndpoint.bind(NioEndpoint.java:223)
		at org.apache.tomcat.util.net.AbstractEndpoint.bindWithCleanup(AbstractEndpoint.java:1373)
		at org.apache.tomcat.util.net.AbstractEndpoint.init(AbstractEndpoint.java:1386)
		at org.apache.coyote.AbstractProtocol.init(AbstractProtocol.java:662)
		at org.apache.coyote.http11.AbstractHttp11Protocol.init(AbstractHttp11Protocol.java:75)
		at org.apache.catalina.connector.Connector.initInternal(Connector.java:1010)
		... 11 more
23-Jul-2024 01:57:24.788 정보 [main] org.apache.catalina.startup.Catalina.load [229] 밀리초 내에 서버가 초기화되었습니다.
23-Jul-2024 01:57:24.801 정보 [main] org.apache.catalina.core.StandardService.startInternal 서비스 [Catalina]을(를) 시작합니다.
23-Jul-2024 01:57:24.801 정보 [main] org.apache.catalina.core.StandardEngine.startInternal 서버 엔진을 시작합니다: [Apache Tomcat/9.0.91]
23-Jul-2024 01:57:24.804 정보 [main] org.apache.catalina.startup.HostConfig.deployDirectory 웹 애플리케이션 디렉토리 [/Users/duck/Downloads/apache-tomcat-9.0.91/webapps/docs]을(를) 배치합니다.
23-Jul-2024 01:57:24.914 정보 [main] org.apache.catalina.startup.HostConfig.deployDirectory 웹 애플리케이션 디렉토리 [/Users/duck/Downloads/apache-tomcat-9.0.91/webapps/docs]에 대한 배치가 [109] 밀리초에 완료되었습니다.
23-Jul-2024 01:57:24.915 정보 [main] org.apache.catalina.startup.HostConfig.deployDirectory 웹 애플리케이션 디렉토리 [/Users/duck/Downloads/apache-tomcat-9.0.91/webapps/manager]을(를) 배치합니다.
23-Jul-2024 01:57:24.928 정보 [main] org.apache.catalina.startup.HostConfig.deployDirectory 웹 애플리케이션 디렉토리 [/Users/duck/Downloads/apache-tomcat-9.0.91/webapps/manager]에 대한 배치가 [13] 밀리초에 완료되었습니다.
23-Jul-2024 01:57:24.928 정보 [main] org.apache.catalina.startup.HostConfig.deployDirectory 웹 애플리케이션 디렉토리 [/Users/duck/Downloads/apache-tomcat-9.0.91/webapps/examples]을(를) 배치합니다.
23-Jul-2024 01:57:25.018 정보 [main] org.apache.catalina.startup.HostConfig.deployDirectory 웹 애플리케이션 디렉토리 [/Users/duck/Downloads/apache-tomcat-9.0.91/webapps/examples]에 대한 배치가 [90] 밀리초에 완료되었습니다.
23-Jul-2024 01:57:25.018 정보 [main] org.apache.catalina.startup.HostConfig.deployDirectory 웹 애플리케이션 디렉토리 [/Users/duck/Downloads/apache-tomcat-9.0.91/webapps/ROOT]을(를) 배치합니다.
23-Jul-2024 01:57:25.024 정보 [main] org.apache.catalina.startup.HostConfig.deployDirectory 웹 애플리케이션 디렉토리 [/Users/duck/Downloads/apache-tomcat-9.0.91/webapps/ROOT]에 대한 배치가 [6] 밀리초에 완료되었습니다.
23-Jul-2024 01:57:25.024 정보 [main] org.apache.catalina.startup.HostConfig.deployDirectory 웹 애플리케이션 디렉토리 [/Users/duck/Downloads/apache-tomcat-9.0.91/webapps/host-manager]을(를) 배치합니다.
23-Jul-2024 01:57:25.031 정보 [main] org.apache.catalina.startup.HostConfig.deployDirectory 웹 애플리케이션 디렉토리 [/Users/duck/Downloads/apache-tomcat-9.0.91/webapps/host-manager]에 대한 배치가 [7] 밀리초에 완료되었습니다.
23-Jul-2024 01:57:25.033 정보 [main] org.apache.catalina.startup.Catalina.start 서버가 [244] 밀리초 내에 시작되었습니다.
23-Jul-2024 01:57:25.035 심각 [main] org.apache.catalina.core.StandardServer.await 주소 [localhost]와(과) 포트 [8005]에, 서버 셧다운 소켓을 생성하지 못했습니다. (base 포트 [8005], offset [0])
	java.net.BindException: Address already in use
		at java.base/sun.nio.ch.Net.bind0(Native Method)
		at java.base/sun.nio.ch.Net.bind(Net.java:565)
		at java.base/sun.nio.ch.Net.bind(Net.java:554)
		at java.base/sun.nio.ch.NioSocketImpl.bind(NioSocketImpl.java:636)
		at java.base/java.net.ServerSocket.bind(ServerSocket.java:391)
		at java.base/java.net.ServerSocket.<init>(ServerSocket.java:278)
		at org.apache.catalina.core.StandardServer.await(StandardServer.java:541)
		at org.apache.catalina.startup.Catalina.await(Catalina.java:825)
		at org.apache.catalina.startup.Catalina.start(Catalina.java:773)
		at java.base/jdk.internal.reflect.DirectMethodHandleAccessor.invoke(DirectMethodHandleAccessor.java:103)
		at java.base/java.lang.reflect.Method.invoke(Method.java:580)
		at org.apache.catalina.startup.Bootstrap.start(Bootstrap.java:345)
		at org.apache.catalina.startup.Bootstrap.main(Bootstrap.java:473)
23-Jul-2024 01:57:25.035 정보 [main] org.apache.coyote.AbstractProtocol.pause 프로토콜 핸들러 ["http-nio-8080"]을(를) 일시 정지 중
23-Jul-2024 01:57:25.035 정보 [main] org.apache.catalina.core.StandardService.stopInternal 서비스 [Catalina]을(를) 중지시킵니다.
23-Jul-2024 01:57:25.042 정보 [main] org.apache.coyote.AbstractProtocol.stop 프로토콜 핸들러 ["http-nio-8080"]을(를) 중지시킵니다.
23-Jul-2024 01:57:25.042 정보 [main] org.apache.coyote.AbstractProtocol.destroy 프로토콜 핸들러 ["http-nio-8080"]을(를) 소멸시킵니다.
23-Jul-2024 01:57:56.728 정보 [Catalina-utility-2] org.apache.catalina.users.MemoryUserDatabase.backgroundProcess 변경된 소스 [file:/Users/duck/Downloads/apache-tomcat-9.0.91/conf/tomcat-users.xml](으)로부터 메모리 사용자 데이터베이스 [UserDatabase]을(를) 다시 로드합니다.
23-Jul-2024 01:57:56.730 심각 [Catalina-utility-2] org.apache.catalina.users.MemoryUserDatabase.open 지정된 사용자 데이터베이스 [conf/tomcat-users.xml]을(를) 찾을 수 없었습니다.
23-Jul-2024 01:57:57.234 정보 [Catalina-utility-2] org.apache.catalina.startup.HostConfig.undeploy 컨텍스트 []의 배치를 제거합니다.
23-Jul-2024 01:57:57.241 경고 [Catalina-utility-2] org.apache.catalina.loader.WebappClassLoaderBase.clearReferencesJdbc 웹 애플리케이션 [ROOT]을(를) 위한 JDBC 드라이버의 등록을 제거하지 못했습니다.
	java.lang.NullPointerException: Cannot invoke "java.io.InputStream.read(byte[], int, int)" because "is" is null
		at org.apache.catalina.loader.WebappClassLoaderBase.clearReferencesJdbc(WebappClassLoaderBase.java:1581)
		at org.apache.catalina.loader.WebappClassLoaderBase.clearReferences(WebappClassLoaderBase.java:1525)
		at org.apache.catalina.loader.WebappClassLoaderBase.stop(WebappClassLoaderBase.java:1463)
		at org.apache.catalina.loader.WebappLoader.stopInternal(WebappLoader.java:410)
		at org.apache.catalina.util.LifecycleBase.stop(LifecycleBase.java:231)
		at org.apache.catalina.core.StandardContext.stopInternal(StandardContext.java:4711)
		at org.apache.catalina.util.LifecycleBase.stop(LifecycleBase.java:231)
		at org.apache.catalina.core.ContainerBase.removeChild(ContainerBase.java:659)
		at org.apache.catalina.startup.HostConfig.undeploy(HostConfig.java:1438)
		at org.apache.catalina.startup.HostConfig.checkResources(HostConfig.java:1367)
		at org.apache.catalina.startup.HostConfig.check(HostConfig.java:1620)
		at org.apache.catalina.startup.HostConfig.lifecycleEvent(HostConfig.java:308)
		at org.apache.catalina.util.LifecycleBase.fireLifecycleEvent(LifecycleBase.java:109)
		at org.apache.catalina.core.ContainerBase.backgroundProcess(ContainerBase.java:973)
		at org.apache.catalina.core.ContainerBase$ContainerBackgroundProcessor.processChildren(ContainerBase.java:1172)
		at org.apache.catalina.core.ContainerBase$ContainerBackgroundProcessor.processChildren(ContainerBase.java:1176)
		at org.apache.catalina.core.ContainerBase$ContainerBackgroundProcessor.run(ContainerBase.java:1154)
		at java.base/java.util.concurrent.Executors$RunnableAdapter.call(Executors.java:572)
		at java.base/java.util.concurrent.FutureTask.runAndReset(FutureTask.java:358)
		at java.base/java.util.concurrent.ScheduledThreadPoolExecutor$ScheduledFutureTask.run(ScheduledThreadPoolExecutor.java:305)
		at java.base/java.util.concurrent.ThreadPoolExecutor.runWorker(ThreadPoolExecutor.java:1144)
		at java.base/java.util.concurrent.ThreadPoolExecutor$Worker.run(ThreadPoolExecutor.java:642)
		at org.apache.tomcat.util.threads.TaskThread$WrappingRunnable.run(TaskThread.java:63)
		at java.base/java.lang.Thread.run(Thread.java:1583)
23-Jul-2024 01:57:57.762 정보 [Catalina-utility-2] org.apache.catalina.startup.HostConfig.undeploy 컨텍스트 [/examples]의 배치를 제거합니다.
23-Jul-2024 01:57:57.769 경고 [Catalina-utility-2] org.apache.catalina.loader.WebappClassLoaderBase.clearReferencesJdbc 웹 애플리케이션 [examples]을(를) 위한 JDBC 드라이버의 등록을 제거하지 못했습니다.
	java.lang.IllegalStateException: java.io.IOException: java.lang.reflect.InvocationTargetException
		at org.apache.catalina.webresources.AbstractSingleArchiveResourceSet.getArchiveEntry(AbstractSingleArchiveResourceSet.java:100)
		at org.apache.catalina.webresources.AbstractArchiveResourceSet.getResource(AbstractArchiveResourceSet.java:250)
		at org.apache.catalina.webresources.StandardRoot.getResourceInternal(StandardRoot.java:272)
		at org.apache.catalina.webresources.Cache.getResource(Cache.java:64)
		at org.apache.catalina.webresources.StandardRoot.getResource(StandardRoot.java:211)
		at org.apache.catalina.webresources.StandardRoot.getClassLoaderResource(StandardRoot.java:220)
		at org.apache.catalina.loader.WebappClassLoaderBase.getResourceAsStream(WebappClassLoaderBase.java:1066)
		at org.apache.catalina.loader.WebappClassLoaderBase.clearReferencesJdbc(WebappClassLoaderBase.java:1580)
		at org.apache.catalina.loader.WebappClassLoaderBase.clearReferences(WebappClassLoaderBase.java:1525)
		at org.apache.catalina.loader.WebappClassLoaderBase.stop(WebappClassLoaderBase.java:1463)
		at org.apache.catalina.loader.WebappLoader.stopInternal(WebappLoader.java:410)
		at org.apache.catalina.util.LifecycleBase.stop(LifecycleBase.java:231)
		at org.apache.catalina.core.StandardContext.stopInternal(StandardContext.java:4711)
		at org.apache.catalina.util.LifecycleBase.stop(LifecycleBase.java:231)
		at org.apache.catalina.core.ContainerBase.removeChild(ContainerBase.java:659)
		at org.apache.catalina.startup.HostConfig.undeploy(HostConfig.java:1438)
		at org.apache.catalina.startup.HostConfig.checkResources(HostConfig.java:1367)
		at org.apache.catalina.startup.HostConfig.check(HostConfig.java:1620)
		at org.apache.catalina.startup.HostConfig.lifecycleEvent(HostConfig.java:308)
		at org.apache.catalina.util.LifecycleBase.fireLifecycleEvent(LifecycleBase.java:109)
		at org.apache.catalina.core.ContainerBase.backgroundProcess(ContainerBase.java:973)
		at org.apache.catalina.core.ContainerBase$ContainerBackgroundProcessor.processChildren(ContainerBase.java:1172)
		at org.apache.catalina.core.ContainerBase$ContainerBackgroundProcessor.processChildren(ContainerBase.java:1176)
		at org.apache.catalina.core.ContainerBase$ContainerBackgroundProcessor.run(ContainerBase.java:1154)
		at java.base/java.util.concurrent.Executors$RunnableAdapter.call(Executors.java:572)
		at java.base/java.util.concurrent.FutureTask.runAndReset(FutureTask.java:358)
		at java.base/java.util.concurrent.ScheduledThreadPoolExecutor$ScheduledFutureTask.run(ScheduledThreadPoolExecutor.java:305)
		at java.base/java.util.concurrent.ThreadPoolExecutor.runWorker(ThreadPoolExecutor.java:1144)
		at java.base/java.util.concurrent.ThreadPoolExecutor$Worker.run(ThreadPoolExecutor.java:642)
		at org.apache.tomcat.util.threads.TaskThread$WrappingRunnable.run(TaskThread.java:63)
		at java.base/java.lang.Thread.run(Thread.java:1583)
	Caused by: java.io.IOException: java.lang.reflect.InvocationTargetException
		at org.apache.tomcat.util.compat.Jre9Compat.jarFileNewInstance(Jre9Compat.java:209)
		at org.apache.tomcat.util.compat.Jre19Compat.jarFileNewInstance(Jre19Compat.java:25)
		at org.apache.tomcat.util.compat.JreCompat.jarFileNewInstance(JreCompat.java:275)
		at org.apache.catalina.webresources.AbstractArchiveResourceSet.openJarFile(AbstractArchiveResourceSet.java:300)
		at org.apache.catalina.webresources.AbstractSingleArchiveResourceSet.getArchiveEntry(AbstractSingleArchiveResourceSet.java:96)
		... 30 more
	Caused by: java.lang.reflect.InvocationTargetException
		at java.base/jdk.internal.reflect.DirectConstructorHandleAccessor.newInstance(DirectConstructorHandleAccessor.java:74)
		at java.base/java.lang.reflect.Constructor.newInstanceWithCaller(Constructor.java:502)
		at java.base/java.lang.reflect.Constructor.newInstance(Constructor.java:486)
		at org.apache.tomcat.util.compat.Jre9Compat.jarFileNewInstance(Jre9Compat.java:206)
		... 34 more
	Caused by: java.nio.file.NoSuchFileException: /Users/duck/Downloads/apache-tomcat-9.0.91/webapps/examples/WEB-INF/lib/taglibs-standard-impl-1.2.5.jar
		at java.base/sun.nio.fs.UnixException.translateToIOException(UnixException.java:92)
		at java.base/sun.nio.fs.UnixException.rethrowAsIOException(UnixException.java:106)
		at java.base/sun.nio.fs.UnixException.rethrowAsIOException(UnixException.java:111)
		at java.base/sun.nio.fs.UnixFileAttributeViews$Basic.readAttributes(UnixFileAttributeViews.java:55)
		at java.base/sun.nio.fs.UnixFileSystemProvider.readAttributes(UnixFileSystemProvider.java:171)
		at java.base/java.nio.file.Files.readAttributes(Files.java:1853)
		at java.base/java.util.zip.ZipFile$Source.get(ZipFile.java:1445)
		at java.base/java.util.zip.ZipFile$CleanableResource.<init>(ZipFile.java:724)
		at java.base/java.util.zip.ZipFile.<init>(ZipFile.java:251)
		at java.base/java.util.zip.ZipFile.<init>(ZipFile.java:180)
		at java.base/java.util.jar.JarFile.<init>(JarFile.java:345)
		at java.base/jdk.internal.reflect.DirectConstructorHandleAccessor.newInstance(DirectConstructorHandleAccessor.java:62)
		... 37 more
23-Jul-2024 01:57:58.282 정보 [Catalina-utility-2] org.apache.catalina.startup.HostConfig.undeploy 컨텍스트 [/host-manager]의 배치를 제거합니다.
23-Jul-2024 01:57:58.286 경고 [Catalina-utility-2] org.apache.catalina.loader.WebappClassLoaderBase.clearReferencesJdbc 웹 애플리케이션 [host-manager]을(를) 위한 JDBC 드라이버의 등록을 제거하지 못했습니다.
	java.lang.NullPointerException: Cannot invoke "java.io.InputStream.read(byte[], int, int)" because "is" is null
		at org.apache.catalina.loader.WebappClassLoaderBase.clearReferencesJdbc(WebappClassLoaderBase.java:1581)
		at org.apache.catalina.loader.WebappClassLoaderBase.clearReferences(WebappClassLoaderBase.java:1525)
		at org.apache.catalina.loader.WebappClassLoaderBase.stop(WebappClassLoaderBase.java:1463)
		at org.apache.catalina.loader.WebappLoader.stopInternal(WebappLoader.java:410)
		at org.apache.catalina.util.LifecycleBase.stop(LifecycleBase.java:231)
		at org.apache.catalina.core.StandardContext.stopInternal(StandardContext.java:4711)
		at org.apache.catalina.util.LifecycleBase.stop(LifecycleBase.java:231)
		at org.apache.catalina.core.ContainerBase.removeChild(ContainerBase.java:659)
		at org.apache.catalina.startup.HostConfig.undeploy(HostConfig.java:1438)
		at org.apache.catalina.startup.HostConfig.checkResources(HostConfig.java:1367)
		at org.apache.catalina.startup.HostConfig.check(HostConfig.java:1620)
		at org.apache.catalina.startup.HostConfig.lifecycleEvent(HostConfig.java:308)
		at org.apache.catalina.util.LifecycleBase.fireLifecycleEvent(LifecycleBase.java:109)
		at org.apache.catalina.core.ContainerBase.backgroundProcess(ContainerBase.java:973)
		at org.apache.catalina.core.ContainerBase$ContainerBackgroundProcessor.processChildren(ContainerBase.java:1172)
		at org.apache.catalina.core.ContainerBase$ContainerBackgroundProcessor.processChildren(ContainerBase.java:1176)
		at org.apache.catalina.core.ContainerBase$ContainerBackgroundProcessor.run(ContainerBase.java:1154)
		at java.base/java.util.concurrent.Executors$RunnableAdapter.call(Executors.java:572)
		at java.base/java.util.concurrent.FutureTask.runAndReset(FutureTask.java:358)
		at java.base/java.util.concurrent.ScheduledThreadPoolExecutor$ScheduledFutureTask.run(ScheduledThreadPoolExecutor.java:305)
		at java.base/java.util.concurrent.ThreadPoolExecutor.runWorker(ThreadPoolExecutor.java:1144)
		at java.base/java.util.concurrent.ThreadPoolExecutor$Worker.run(ThreadPoolExecutor.java:642)
		at org.apache.tomcat.util.threads.TaskThread$WrappingRunnable.run(TaskThread.java:63)
		at java.base/java.lang.Thread.run(Thread.java:1583)
23-Jul-2024 01:57:58.792 정보 [Catalina-utility-2] org.apache.catalina.startup.HostConfig.undeploy 컨텍스트 [/manager]의 배치를 제거합니다.
23-Jul-2024 01:57:58.795 경고 [Catalina-utility-2] org.apache.catalina.loader.WebappClassLoaderBase.clearReferencesJdbc 웹 애플리케이션 [manager]을(를) 위한 JDBC 드라이버의 등록을 제거하지 못했습니다.
	java.lang.NullPointerException: Cannot invoke "java.io.InputStream.read(byte[], int, int)" because "is" is null
		at org.apache.catalina.loader.WebappClassLoaderBase.clearReferencesJdbc(WebappClassLoaderBase.java:1581)
		at org.apache.catalina.loader.WebappClassLoaderBase.clearReferences(WebappClassLoaderBase.java:1525)
		at org.apache.catalina.loader.WebappClassLoaderBase.stop(WebappClassLoaderBase.java:1463)
		at org.apache.catalina.loader.WebappLoader.stopInternal(WebappLoader.java:410)
		at org.apache.catalina.util.LifecycleBase.stop(LifecycleBase.java:231)
		at org.apache.catalina.core.StandardContext.stopInternal(StandardContext.java:4711)
		at org.apache.catalina.util.LifecycleBase.stop(LifecycleBase.java:231)
		at org.apache.catalina.core.ContainerBase.removeChild(ContainerBase.java:659)
		at org.apache.catalina.startup.HostConfig.undeploy(HostConfig.java:1438)
		at org.apache.catalina.startup.HostConfig.checkResources(HostConfig.java:1367)
		at org.apache.catalina.startup.HostConfig.check(HostConfig.java:1620)
		at org.apache.catalina.startup.HostConfig.lifecycleEvent(HostConfig.java:308)
		at org.apache.catalina.util.LifecycleBase.fireLifecycleEvent(LifecycleBase.java:109)
		at org.apache.catalina.core.ContainerBase.backgroundProcess(ContainerBase.java:973)
		at org.apache.catalina.core.ContainerBase$ContainerBackgroundProcessor.processChildren(ContainerBase.java:1172)
		at org.apache.catalina.core.ContainerBase$ContainerBackgroundProcessor.processChildren(ContainerBase.java:1176)
		at org.apache.catalina.core.ContainerBase$ContainerBackgroundProcessor.run(ContainerBase.java:1154)
		at java.base/java.util.concurrent.Executors$RunnableAdapter.call(Executors.java:572)
		at java.base/java.util.concurrent.FutureTask.runAndReset(FutureTask.java:358)
		at java.base/java.util.concurrent.ScheduledThreadPoolExecutor$ScheduledFutureTask.run(ScheduledThreadPoolExecutor.java:305)
		at java.base/java.util.concurrent.ThreadPoolExecutor.runWorker(ThreadPoolExecutor.java:1144)
		at java.base/java.util.concurrent.ThreadPoolExecutor$Worker.run(ThreadPoolExecutor.java:642)
		at org.apache.tomcat.util.threads.TaskThread$WrappingRunnable.run(TaskThread.java:63)
		at java.base/java.lang.Thread.run(Thread.java:1583)
23-Jul-2024 01:57:59.308 정보 [Catalina-utility-2] org.apache.catalina.startup.HostConfig.undeploy 컨텍스트 [/docs]의 배치를 제거합니다.
23-Jul-2024 01:57:59.311 경고 [Catalina-utility-2] org.apache.catalina.loader.WebappClassLoaderBase.clearReferencesJdbc 웹 애플리케이션 [docs]을(를) 위한 JDBC 드라이버의 등록을 제거하지 못했습니다.
	java.lang.NullPointerException: Cannot invoke "java.io.InputStream.read(byte[], int, int)" because "is" is null
		at org.apache.catalina.loader.WebappClassLoaderBase.clearReferencesJdbc(WebappClassLoaderBase.java:1581)
		at org.apache.catalina.loader.WebappClassLoaderBase.clearReferences(WebappClassLoaderBase.java:1525)
		at org.apache.catalina.loader.WebappClassLoaderBase.stop(WebappClassLoaderBase.java:1463)
		at org.apache.catalina.loader.WebappLoader.stopInternal(WebappLoader.java:410)
		at org.apache.catalina.util.LifecycleBase.stop(LifecycleBase.java:231)
		at org.apache.catalina.core.StandardContext.stopInternal(StandardContext.java:4711)
		at org.apache.catalina.util.LifecycleBase.stop(LifecycleBase.java:231)
		at org.apache.catalina.core.ContainerBase.removeChild(ContainerBase.java:659)
		at org.apache.catalina.startup.HostConfig.undeploy(HostConfig.java:1438)
		at org.apache.catalina.startup.HostConfig.checkResources(HostConfig.java:1367)
		at org.apache.catalina.startup.HostConfig.check(HostConfig.java:1620)
		at org.apache.catalina.startup.HostConfig.lifecycleEvent(HostConfig.java:308)
		at org.apache.catalina.util.LifecycleBase.fireLifecycleEvent(LifecycleBase.java:109)
		at org.apache.catalina.core.ContainerBase.backgroundProcess(ContainerBase.java:973)
		at org.apache.catalina.core.ContainerBase$ContainerBackgroundProcessor.processChildren(ContainerBase.java:1172)
		at org.apache.catalina.core.ContainerBase$ContainerBackgroundProcessor.processChildren(ContainerBase.java:1176)
		at org.apache.catalina.core.ContainerBase$ContainerBackgroundProcessor.run(ContainerBase.java:1154)
		at java.base/java.util.concurrent.Executors$RunnableAdapter.call(Executors.java:572)
		at java.base/java.util.concurrent.FutureTask.runAndReset(FutureTask.java:358)
		at java.base/java.util.concurrent.ScheduledThreadPoolExecutor$ScheduledFutureTask.run(ScheduledThreadPoolExecutor.java:305)
		at java.base/java.util.concurrent.ThreadPoolExecutor.runWorker(ThreadPoolExecutor.java:1144)
		at java.base/java.util.concurrent.ThreadPoolExecutor$Worker.run(ThreadPoolExecutor.java:642)
		at org.apache.tomcat.util.threads.TaskThread$WrappingRunnable.run(TaskThread.java:63)
		at java.base/java.lang.Thread.run(Thread.java:1583)
23-Jul-2024 01:59:22.534 정보 [main] org.apache.catalina.core.StandardServer.await 셧다운 포트를 통해 유효한 셧다운 명령을 받았습니다. 서버 인스턴스를 중지시킵니다.
23-Jul-2024 01:59:22.535 정보 [main] org.apache.coyote.AbstractProtocol.pause 프로토콜 핸들러 ["http-nio-8080"]을(를) 일시 정지 중
23-Jul-2024 01:59:22.537 정보 [main] org.apache.catalina.core.StandardService.stopInternal 서비스 [Catalina]을(를) 중지시킵니다.
23-Jul-2024 01:59:22.537 정보 [main] org.apache.coyote.AbstractProtocol.stop 프로토콜 핸들러 ["http-nio-8080"]을(를) 중지시킵니다.
23-Jul-2024 01:59:22.538 정보 [main] org.apache.coyote.AbstractProtocol.destroy 프로토콜 핸들러 ["http-nio-8080"]을(를) 소멸시킵니다.
NOTE: Picked up JDK_JAVA_OPTIONS:  --add-opens=java.base/java.lang=ALL-UNNAMED --add-opens=java.base/java.io=ALL-UNNAMED --add-opens=java.base/java.util=ALL-UNNAMED --add-opens=java.base/java.util.concurrent=ALL-UNNAMED --add-opens=java.rmi/sun.rmi.transport=ALL-UNNAMED
13-Feb-2025 00:13:51.177 정보 [main] org.apache.catalina.startup.VersionLoggerListener.log 서버 버전 이름:    Apache Tomcat/9.0.91
13-Feb-2025 00:13:51.179 정보 [main] org.apache.catalina.startup.VersionLoggerListener.log Server 빌드 시각:  Jul 2 2024 12:35:51 UTC
13-Feb-2025 00:13:51.179 정보 [main] org.apache.catalina.startup.VersionLoggerListener.log Server 버전 번호:  9.0.91.0
13-Feb-2025 00:13:51.179 정보 [main] org.apache.catalina.startup.VersionLoggerListener.log 운영체제 이름:     Mac OS X
13-Feb-2025 00:13:51.179 정보 [main] org.apache.catalina.startup.VersionLoggerListener.log 운영체제 버전:     15.3
13-Feb-2025 00:13:51.179 정보 [main] org.apache.catalina.startup.VersionLoggerListener.log 아키텍처:          aarch64
13-Feb-2025 00:13:51.179 정보 [main] org.apache.catalina.startup.VersionLoggerListener.log 자바 홈:           /Users/duck/Library/Java/JavaVirtualMachines/corretto-21.0.6/Contents/Home
13-Feb-2025 00:13:51.179 정보 [main] org.apache.catalina.startup.VersionLoggerListener.log JVM 버전:          21.0.6+7-LTS
13-Feb-2025 00:13:51.180 정보 [main] org.apache.catalina.startup.VersionLoggerListener.log JVM 벤더:          Amazon.com Inc.
13-Feb-2025 00:13:51.180 정보 [main] org.apache.catalina.startup.VersionLoggerListener.log CATALINA_BASE:     /Users/duck/Desktop/Workspace/FastCampus/10개 프로젝트로 완성하는 백엔드 웹개발 초격차 패키지/Part 1. 나만의 MVC 프레임워크 만들기/apache-tomcat-9.0.91
13-Feb-2025 00:13:51.180 정보 [main] org.apache.catalina.startup.VersionLoggerListener.log CATALINA_HOME:     /Users/duck/Desktop/Workspace/FastCampus/10개 프로젝트로 완성하는 백엔드 웹개발 초격차 패키지/Part 1. 나만의 MVC 프레임워크 만들기/apache-tomcat-9.0.91
13-Feb-2025 00:13:51.186 정보 [main] org.apache.catalina.startup.VersionLoggerListener.log 명령 행 아규먼트:  --add-opens=java.base/java.lang=ALL-UNNAMED
13-Feb-2025 00:13:51.187 정보 [main] org.apache.catalina.startup.VersionLoggerListener.log 명령 행 아규먼트:  --add-opens=java.base/java.io=ALL-UNNAMED
13-Feb-2025 00:13:51.187 정보 [main] org.apache.catalina.startup.VersionLoggerListener.log 명령 행 아규먼트:  --add-opens=java.base/java.util=ALL-UNNAMED
13-Feb-2025 00:13:51.187 정보 [main] org.apache.catalina.startup.VersionLoggerListener.log 명령 행 아규먼트:  --add-opens=java.base/java.util.concurrent=ALL-UNNAMED
13-Feb-2025 00:13:51.187 정보 [main] org.apache.catalina.startup.VersionLoggerListener.log 명령 행 아규먼트:  --add-opens=java.rmi/sun.rmi.transport=ALL-UNNAMED
13-Feb-2025 00:13:51.187 정보 [main] org.apache.catalina.startup.VersionLoggerListener.log 명령 행 아규먼트:  -Djava.util.logging.config.file=/Users/duck/Desktop/Workspace/FastCampus/10개 프로젝트로 완성하는 백엔드 웹개발 초격차 패키지/Part 1. 나만의 MVC 프레임워크 만들기/apache-tomcat-9.0.91/conf/logging.properties
13-Feb-2025 00:13:51.187 정보 [main] org.apache.catalina.startup.VersionLoggerListener.log 명령 행 아규먼트:  -Djava.util.logging.manager=org.apache.juli.ClassLoaderLogManager
13-Feb-2025 00:13:51.187 정보 [main] org.apache.catalina.startup.VersionLoggerListener.log 명령 행 아규먼트:  -Djdk.tls.ephemeralDHKeySize=2048
13-Feb-2025 00:13:51.187 정보 [main] org.apache.catalina.startup.VersionLoggerListener.log 명령 행 아규먼트:  -Djava.protocol.handler.pkgs=org.apache.catalina.webresources
13-Feb-2025 00:13:51.187 정보 [main] org.apache.catalina.startup.VersionLoggerListener.log 명령 행 아규먼트:  -Dorg.apache.catalina.security.SecurityListener.UMASK=0027
13-Feb-2025 00:13:51.187 정보 [main] org.apache.catalina.startup.VersionLoggerListener.log 명령 행 아규먼트:  -Dignore.endorsed.dirs=
13-Feb-2025 00:13:51.187 정보 [main] org.apache.catalina.startup.VersionLoggerListener.log 명령 행 아규먼트:  -Dcatalina.base=/Users/duck/Desktop/Workspace/FastCampus/10개 프로젝트로 완성하는 백엔드 웹개발 초격차 패키지/Part 1. 나만의 MVC 프레임워크 만들기/apache-tomcat-9.0.91
13-Feb-2025 00:13:51.187 정보 [main] org.apache.catalina.startup.VersionLoggerListener.log 명령 행 아규먼트:  -Dcatalina.home=/Users/duck/Desktop/Workspace/FastCampus/10개 프로젝트로 완성하는 백엔드 웹개발 초격차 패키지/Part 1. 나만의 MVC 프레임워크 만들기/apache-tomcat-9.0.91
13-Feb-2025 00:13:51.187 정보 [main] org.apache.catalina.startup.VersionLoggerListener.log 명령 행 아규먼트:  -Djava.io.tmpdir=/Users/duck/Desktop/Workspace/FastCampus/10개 프로젝트로 완성하는 백엔드 웹개발 초격차 패키지/Part 1. 나만의 MVC 프레임워크 만들기/apache-tomcat-9.0.91/temp
13-Feb-2025 00:13:51.194 정보 [main] org.apache.catalina.core.AprLifecycleListener.lifecycleEvent 프로덕션 환경들에서 최적의 성능을 제공하는, APR 기반 Apache Tomcat Native 라이브러리가, 다음 java.library.path에서 발견되지 않습니다: [/Users/duck/Library/Java/Extensions:/Library/Java/Extensions:/Network/Library/Java/Extensions:/System/Library/Java/Extensions:/usr/lib/java:.]
13-Feb-2025 00:13:51.339 정보 [main] org.apache.coyote.AbstractProtocol.init 프로토콜 핸들러 ["http-nio-8080"]을(를) 초기화합니다.
13-Feb-2025 00:13:51.352 정보 [main] org.apache.catalina.startup.Catalina.load [281] 밀리초 내에 서버가 초기화되었습니다.
13-Feb-2025 00:13:51.371 정보 [main] org.apache.catalina.core.StandardService.startInternal 서비스 [Catalina]을(를) 시작합니다.
13-Feb-2025 00:13:51.371 정보 [main] org.apache.catalina.core.StandardEngine.startInternal 서버 엔진을 시작합니다: [Apache Tomcat/9.0.91]
13-Feb-2025 00:13:51.374 정보 [main] org.apache.catalina.startup.HostConfig.deployDirectory 웹 애플리케이션 디렉토리 [/Users/duck/Desktop/Workspace/FastCampus/10개 프로젝트로 완성하는 백엔드 웹개발 초격차 패키지/Part 1. 나만의 MVC 프레임워크 만들기/apache-tomcat-9.0.91/webapps/docs]을(를) 배치합니다.
13-Feb-2025 00:13:51.514 정보 [main] org.apache.catalina.startup.HostConfig.deployDirectory 웹 애플리케이션 디렉토리 [/Users/duck/Desktop/Workspace/FastCampus/10개 프로젝트로 완성하는 백엔드 웹개발 초격차 패키지/Part 1. 나만의 MVC 프레임워크 만들기/apache-tomcat-9.0.91/webapps/docs]에 대한 배치가 [135] 밀리초에 완료되었습니다.
13-Feb-2025 00:13:51.515 정보 [main] org.apache.catalina.startup.HostConfig.deployDirectory 웹 애플리케이션 디렉토리 [/Users/duck/Desktop/Workspace/FastCampus/10개 프로젝트로 완성하는 백엔드 웹개발 초격차 패키지/Part 1. 나만의 MVC 프레임워크 만들기/apache-tomcat-9.0.91/webapps/manager]을(를) 배치합니다.
13-Feb-2025 00:13:51.536 정보 [main] org.apache.catalina.startup.HostConfig.deployDirectory 웹 애플리케이션 디렉토리 [/Users/duck/Desktop/Workspace/FastCampus/10개 프로젝트로 완성하는 백엔드 웹개발 초격차 패키지/Part 1. 나만의 MVC 프레임워크 만들기/apache-tomcat-9.0.91/webapps/manager]에 대한 배치가 [21] 밀리초에 완료되었습니다.
13-Feb-2025 00:13:51.536 정보 [main] org.apache.catalina.startup.HostConfig.deployDirectory 웹 애플리케이션 디렉토리 [/Users/duck/Desktop/Workspace/FastCampus/10개 프로젝트로 완성하는 백엔드 웹개발 초격차 패키지/Part 1. 나만의 MVC 프레임워크 만들기/apache-tomcat-9.0.91/webapps/examples]을(를) 배치합니다.
13-Feb-2025 00:13:51.660 정보 [main] org.apache.catalina.startup.HostConfig.deployDirectory 웹 애플리케이션 디렉토리 [/Users/duck/Desktop/Workspace/FastCampus/10개 프로젝트로 완성하는 백엔드 웹개발 초격차 패키지/Part 1. 나만의 MVC 프레임워크 만들기/apache-tomcat-9.0.91/webapps/examples]에 대한 배치가 [124] 밀리초에 완료되었습니다.
13-Feb-2025 00:13:51.660 정보 [main] org.apache.catalina.startup.HostConfig.deployDirectory 웹 애플리케이션 디렉토리 [/Users/duck/Desktop/Workspace/FastCampus/10개 프로젝트로 완성하는 백엔드 웹개발 초격차 패키지/Part 1. 나만의 MVC 프레임워크 만들기/apache-tomcat-9.0.91/webapps/ROOT]을(를) 배치합니다.
13-Feb-2025 00:13:51.669 정보 [main] org.apache.catalina.startup.HostConfig.deployDirectory 웹 애플리케이션 디렉토리 [/Users/duck/Desktop/Workspace/FastCampus/10개 프로젝트로 완성하는 백엔드 웹개발 초격차 패키지/Part 1. 나만의 MVC 프레임워크 만들기/apache-tomcat-9.0.91/webapps/ROOT]에 대한 배치가 [9] 밀리초에 완료되었습니다.
13-Feb-2025 00:13:51.669 정보 [main] org.apache.catalina.startup.HostConfig.deployDirectory 웹 애플리케이션 디렉토리 [/Users/duck/Desktop/Workspace/FastCampus/10개 프로젝트로 완성하는 백엔드 웹개발 초격차 패키지/Part 1. 나만의 MVC 프레임워크 만들기/apache-tomcat-9.0.91/webapps/host-manager]을(를) 배치합니다.
13-Feb-2025 00:13:51.679 정보 [main] org.apache.catalina.startup.HostConfig.deployDirectory 웹 애플리케이션 디렉토리 [/Users/duck/Desktop/Workspace/FastCampus/10개 프로젝트로 완성하는 백엔드 웹개발 초격차 패키지/Part 1. 나만의 MVC 프레임워크 만들기/apache-tomcat-9.0.91/webapps/host-manager]에 대한 배치가 [10] 밀리초에 완료되었습니다.
13-Feb-2025 00:13:51.681 정보 [main] org.apache.coyote.AbstractProtocol.start 프로토콜 핸들러 ["http-nio-8080"]을(를) 시작합니다.
13-Feb-2025 00:13:51.685 정보 [main] org.apache.catalina.startup.Catalina.start 서버가 [331] 밀리초 내에 시작되었습니다.
NOTE: Picked up JDK_JAVA_OPTIONS:  --add-opens=java.base/java.lang=ALL-UNNAMED --add-opens=java.base/java.io=ALL-UNNAMED --add-opens=java.base/java.util=ALL-UNNAMED --add-opens=java.base/java.util.concurrent=ALL-UNNAMED --add-opens=java.rmi/sun.rmi.transport=ALL-UNNAMED
13-Feb-2025 00:14:06.286 정보 [main] org.apache.catalina.startup.VersionLoggerListener.log 서버 버전 이름:    Apache Tomcat/9.0.91
13-Feb-2025 00:14:06.287 정보 [main] org.apache.catalina.startup.VersionLoggerListener.log Server 빌드 시각:  Jul 2 2024 12:35:51 UTC
13-Feb-2025 00:14:06.287 정보 [main] org.apache.catalina.startup.VersionLoggerListener.log Server 버전 번호:  9.0.91.0
13-Feb-2025 00:14:06.288 정보 [main] org.apache.catalina.startup.VersionLoggerListener.log 운영체제 이름:     Mac OS X
13-Feb-2025 00:14:06.288 정보 [main] org.apache.catalina.startup.VersionLoggerListener.log 운영체제 버전:     15.3
13-Feb-2025 00:14:06.288 정보 [main] org.apache.catalina.startup.VersionLoggerListener.log 아키텍처:          aarch64
13-Feb-2025 00:14:06.288 정보 [main] org.apache.catalina.startup.VersionLoggerListener.log 자바 홈:           /Users/duck/Library/Java/JavaVirtualMachines/corretto-21.0.6/Contents/Home
13-Feb-2025 00:14:06.288 정보 [main] org.apache.catalina.startup.VersionLoggerListener.log JVM 버전:          21.0.6+7-LTS
13-Feb-2025 00:14:06.288 정보 [main] org.apache.catalina.startup.VersionLoggerListener.log JVM 벤더:          Amazon.com Inc.
13-Feb-2025 00:14:06.288 정보 [main] org.apache.catalina.startup.VersionLoggerListener.log CATALINA_BASE:     /Users/duck/Desktop/Workspace/FastCampus/10개 프로젝트로 완성하는 백엔드 웹개발 초격차 패키지/Part 1. 나만의 MVC 프레임워크 만들기/apache-tomcat-9.0.91
13-Feb-2025 00:14:06.288 정보 [main] org.apache.catalina.startup.VersionLoggerListener.log CATALINA_HOME:     /Users/duck/Desktop/Workspace/FastCampus/10개 프로젝트로 완성하는 백엔드 웹개발 초격차 패키지/Part 1. 나만의 MVC 프레임워크 만들기/apache-tomcat-9.0.91
13-Feb-2025 00:14:06.292 정보 [main] org.apache.catalina.startup.VersionLoggerListener.log 명령 행 아규먼트:  --add-opens=java.base/java.lang=ALL-UNNAMED
13-Feb-2025 00:14:06.292 정보 [main] org.apache.catalina.startup.VersionLoggerListener.log 명령 행 아규먼트:  --add-opens=java.base/java.io=ALL-UNNAMED
13-Feb-2025 00:14:06.292 정보 [main] org.apache.catalina.startup.VersionLoggerListener.log 명령 행 아규먼트:  --add-opens=java.base/java.util=ALL-UNNAMED
13-Feb-2025 00:14:06.292 정보 [main] org.apache.catalina.startup.VersionLoggerListener.log 명령 행 아규먼트:  --add-opens=java.base/java.util.concurrent=ALL-UNNAMED
13-Feb-2025 00:14:06.292 정보 [main] org.apache.catalina.startup.VersionLoggerListener.log 명령 행 아규먼트:  --add-opens=java.rmi/sun.rmi.transport=ALL-UNNAMED
13-Feb-2025 00:14:06.292 정보 [main] org.apache.catalina.startup.VersionLoggerListener.log 명령 행 아규먼트:  -Djava.util.logging.config.file=/Users/duck/Desktop/Workspace/FastCampus/10개 프로젝트로 완성하는 백엔드 웹개발 초격차 패키지/Part 1. 나만의 MVC 프레임워크 만들기/apache-tomcat-9.0.91/conf/logging.properties
13-Feb-2025 00:14:06.292 정보 [main] org.apache.catalina.startup.VersionLoggerListener.log 명령 행 아규먼트:  -Djava.util.logging.manager=org.apache.juli.ClassLoaderLogManager
13-Feb-2025 00:14:06.293 정보 [main] org.apache.catalina.startup.VersionLoggerListener.log 명령 행 아규먼트:  -Djdk.tls.ephemeralDHKeySize=2048
13-Feb-2025 00:14:06.293 정보 [main] org.apache.catalina.startup.VersionLoggerListener.log 명령 행 아규먼트:  -Djava.protocol.handler.pkgs=org.apache.catalina.webresources
13-Feb-2025 00:14:06.293 정보 [main] org.apache.catalina.startup.VersionLoggerListener.log 명령 행 아규먼트:  -Dorg.apache.catalina.security.SecurityListener.UMASK=0027
13-Feb-2025 00:14:06.293 정보 [main] org.apache.catalina.startup.VersionLoggerListener.log 명령 행 아규먼트:  -Dignore.endorsed.dirs=
13-Feb-2025 00:14:06.293 정보 [main] org.apache.catalina.startup.VersionLoggerListener.log 명령 행 아규먼트:  -Dcatalina.base=/Users/duck/Desktop/Workspace/FastCampus/10개 프로젝트로 완성하는 백엔드 웹개발 초격차 패키지/Part 1. 나만의 MVC 프레임워크 만들기/apache-tomcat-9.0.91
13-Feb-2025 00:14:06.293 정보 [main] org.apache.catalina.startup.VersionLoggerListener.log 명령 행 아규먼트:  -Dcatalina.home=/Users/duck/Desktop/Workspace/FastCampus/10개 프로젝트로 완성하는 백엔드 웹개발 초격차 패키지/Part 1. 나만의 MVC 프레임워크 만들기/apache-tomcat-9.0.91
13-Feb-2025 00:14:06.293 정보 [main] org.apache.catalina.startup.VersionLoggerListener.log 명령 행 아규먼트:  -Djava.io.tmpdir=/Users/duck/Desktop/Workspace/FastCampus/10개 프로젝트로 완성하는 백엔드 웹개발 초격차 패키지/Part 1. 나만의 MVC 프레임워크 만들기/apache-tomcat-9.0.91/temp
13-Feb-2025 00:14:06.298 정보 [main] org.apache.catalina.core.AprLifecycleListener.lifecycleEvent 프로덕션 환경들에서 최적의 성능을 제공하는, APR 기반 Apache Tomcat Native 라이브러리가, 다음 java.library.path에서 발견되지 않습니다: [/Users/duck/Library/Java/Extensions:/Library/Java/Extensions:/Network/Library/Java/Extensions:/System/Library/Java/Extensions:/usr/lib/java:.]
13-Feb-2025 00:14:06.424 정보 [main] org.apache.coyote.AbstractProtocol.init 프로토콜 핸들러 ["http-nio-8080"]을(를) 초기화합니다.
13-Feb-2025 00:14:06.431 심각 [main] org.apache.catalina.util.LifecycleBase.handleSubClassException 구성요소 [Connector["http-nio-8080"]]을(를) 초기화하지 못했습니다.
	org.apache.catalina.LifecycleException: 프로토콜 핸들러 초기화가 실패했습니다.
		at org.apache.catalina.connector.Connector.initInternal(Connector.java:1012)
		at org.apache.catalina.util.LifecycleBase.init(LifecycleBase.java:122)
		at org.apache.catalina.core.StandardService.initInternal(StandardService.java:525)
		at org.apache.catalina.util.LifecycleBase.init(LifecycleBase.java:122)
		at org.apache.catalina.core.StandardServer.initInternal(StandardServer.java:990)
		at org.apache.catalina.util.LifecycleBase.init(LifecycleBase.java:122)
		at org.apache.catalina.startup.Catalina.load(Catalina.java:686)
		at org.apache.catalina.startup.Catalina.load(Catalina.java:709)
		at java.base/jdk.internal.reflect.DirectMethodHandleAccessor.invoke(DirectMethodHandleAccessor.java:103)
		at java.base/java.lang.reflect.Method.invoke(Method.java:580)
		at org.apache.catalina.startup.Bootstrap.load(Bootstrap.java:302)
		at org.apache.catalina.startup.Bootstrap.main(Bootstrap.java:472)
	Caused by: java.net.BindException: Address already in use
		at java.base/sun.nio.ch.Net.bind0(Native Method)
		at java.base/sun.nio.ch.Net.bind(Net.java:565)
		at java.base/sun.nio.ch.ServerSocketChannelImpl.netBind(ServerSocketChannelImpl.java:344)
		at java.base/sun.nio.ch.ServerSocketChannelImpl.bind(ServerSocketChannelImpl.java:301)
		at org.apache.tomcat.util.net.NioEndpoint.initServerSocket(NioEndpoint.java:268)
		at org.apache.tomcat.util.net.NioEndpoint.bind(NioEndpoint.java:223)
		at org.apache.tomcat.util.net.AbstractEndpoint.bindWithCleanup(AbstractEndpoint.java:1373)
		at org.apache.tomcat.util.net.AbstractEndpoint.init(AbstractEndpoint.java:1386)
		at org.apache.coyote.AbstractProtocol.init(AbstractProtocol.java:662)
		at org.apache.coyote.http11.AbstractHttp11Protocol.init(AbstractHttp11Protocol.java:75)
		at org.apache.catalina.connector.Connector.initInternal(Connector.java:1010)
		... 11 more
13-Feb-2025 00:14:06.432 정보 [main] org.apache.catalina.startup.Catalina.load [230] 밀리초 내에 서버가 초기화되었습니다.
13-Feb-2025 00:14:06.446 정보 [main] org.apache.catalina.core.StandardService.startInternal 서비스 [Catalina]을(를) 시작합니다.
13-Feb-2025 00:14:06.446 정보 [main] org.apache.catalina.core.StandardEngine.startInternal 서버 엔진을 시작합니다: [Apache Tomcat/9.0.91]
13-Feb-2025 00:14:06.448 정보 [main] org.apache.catalina.startup.HostConfig.deployDirectory 웹 애플리케이션 디렉토리 [/Users/duck/Desktop/Workspace/FastCampus/10개 프로젝트로 완성하는 백엔드 웹개발 초격차 패키지/Part 1. 나만의 MVC 프레임워크 만들기/apache-tomcat-9.0.91/webapps/docs]을(를) 배치합니다.
13-Feb-2025 00:14:06.574 정보 [main] org.apache.catalina.startup.HostConfig.deployDirectory 웹 애플리케이션 디렉토리 [/Users/duck/Desktop/Workspace/FastCampus/10개 프로젝트로 완성하는 백엔드 웹개발 초격차 패키지/Part 1. 나만의 MVC 프레임워크 만들기/apache-tomcat-9.0.91/webapps/docs]에 대한 배치가 [125] 밀리초에 완료되었습니다.
13-Feb-2025 00:14:06.574 정보 [main] org.apache.catalina.startup.HostConfig.deployDirectory 웹 애플리케이션 디렉토리 [/Users/duck/Desktop/Workspace/FastCampus/10개 프로젝트로 완성하는 백엔드 웹개발 초격차 패키지/Part 1. 나만의 MVC 프레임워크 만들기/apache-tomcat-9.0.91/webapps/manager]을(를) 배치합니다.
13-Feb-2025 00:14:06.594 정보 [main] org.apache.catalina.startup.HostConfig.deployDirectory 웹 애플리케이션 디렉토리 [/Users/duck/Desktop/Workspace/FastCampus/10개 프로젝트로 완성하는 백엔드 웹개발 초격차 패키지/Part 1. 나만의 MVC 프레임워크 만들기/apache-tomcat-9.0.91/webapps/manager]에 대한 배치가 [20] 밀리초에 완료되었습니다.
13-Feb-2025 00:14:06.594 정보 [main] org.apache.catalina.startup.HostConfig.deployDirectory 웹 애플리케이션 디렉토리 [/Users/duck/Desktop/Workspace/FastCampus/10개 프로젝트로 완성하는 백엔드 웹개발 초격차 패키지/Part 1. 나만의 MVC 프레임워크 만들기/apache-tomcat-9.0.91/webapps/examples]을(를) 배치합니다.
13-Feb-2025 00:14:06.730 정보 [main] org.apache.catalina.startup.HostConfig.deployDirectory 웹 애플리케이션 디렉토리 [/Users/duck/Desktop/Workspace/FastCampus/10개 프로젝트로 완성하는 백엔드 웹개발 초격차 패키지/Part 1. 나만의 MVC 프레임워크 만들기/apache-tomcat-9.0.91/webapps/examples]에 대한 배치가 [136] 밀리초에 완료되었습니다.
13-Feb-2025 00:14:06.730 정보 [main] org.apache.catalina.startup.HostConfig.deployDirectory 웹 애플리케이션 디렉토리 [/Users/duck/Desktop/Workspace/FastCampus/10개 프로젝트로 완성하는 백엔드 웹개발 초격차 패키지/Part 1. 나만의 MVC 프레임워크 만들기/apache-tomcat-9.0.91/webapps/ROOT]을(를) 배치합니다.
13-Feb-2025 00:14:06.739 정보 [main] org.apache.catalina.startup.HostConfig.deployDirectory 웹 애플리케이션 디렉토리 [/Users/duck/Desktop/Workspace/FastCampus/10개 프로젝트로 완성하는 백엔드 웹개발 초격차 패키지/Part 1. 나만의 MVC 프레임워크 만들기/apache-tomcat-9.0.91/webapps/ROOT]에 대한 배치가 [9] 밀리초에 완료되었습니다.
13-Feb-2025 00:14:06.740 정보 [main] org.apache.catalina.startup.HostConfig.deployDirectory 웹 애플리케이션 디렉토리 [/Users/duck/Desktop/Workspace/FastCampus/10개 프로젝트로 완성하는 백엔드 웹개발 초격차 패키지/Part 1. 나만의 MVC 프레임워크 만들기/apache-tomcat-9.0.91/webapps/host-manager]을(를) 배치합니다.
13-Feb-2025 00:14:06.750 정보 [main] org.apache.catalina.startup.HostConfig.deployDirectory 웹 애플리케이션 디렉토리 [/Users/duck/Desktop/Workspace/FastCampus/10개 프로젝트로 완성하는 백엔드 웹개발 초격차 패키지/Part 1. 나만의 MVC 프레임워크 만들기/apache-tomcat-9.0.91/webapps/host-manager]에 대한 배치가 [10] 밀리초에 완료되었습니다.
13-Feb-2025 00:14:06.752 정보 [main] org.apache.catalina.startup.Catalina.start 서버가 [320] 밀리초 내에 시작되었습니다.
13-Feb-2025 00:14:06.754 심각 [main] org.apache.catalina.core.StandardServer.await 주소 [localhost]와(과) 포트 [8005]에, 서버 셧다운 소켓을 생성하지 못했습니다. (base 포트 [8005], offset [0])
	java.net.BindException: Address already in use
		at java.base/sun.nio.ch.Net.bind0(Native Method)
		at java.base/sun.nio.ch.Net.bind(Net.java:565)
		at java.base/sun.nio.ch.Net.bind(Net.java:554)
		at java.base/sun.nio.ch.NioSocketImpl.bind(NioSocketImpl.java:636)
		at java.base/java.net.ServerSocket.bind(ServerSocket.java:391)
		at java.base/java.net.ServerSocket.<init>(ServerSocket.java:278)
		at org.apache.catalina.core.StandardServer.await(StandardServer.java:541)
		at org.apache.catalina.startup.Catalina.await(Catalina.java:825)
		at org.apache.catalina.startup.Catalina.start(Catalina.java:773)
		at java.base/jdk.internal.reflect.DirectMethodHandleAccessor.invoke(DirectMethodHandleAccessor.java:103)
		at java.base/java.lang.reflect.Method.invoke(Method.java:580)
		at org.apache.catalina.startup.Bootstrap.start(Bootstrap.java:345)
		at org.apache.catalina.startup.Bootstrap.main(Bootstrap.java:473)
13-Feb-2025 00:14:06.754 정보 [main] org.apache.coyote.AbstractProtocol.pause 프로토콜 핸들러 ["http-nio-8080"]을(를) 일시 정지 중
13-Feb-2025 00:14:06.754 정보 [main] org.apache.catalina.core.StandardService.stopInternal 서비스 [Catalina]을(를) 중지시킵니다.
13-Feb-2025 00:14:06.764 정보 [main] org.apache.coyote.AbstractProtocol.stop 프로토콜 핸들러 ["http-nio-8080"]을(를) 중지시킵니다.
13-Feb-2025 00:14:06.764 정보 [main] org.apache.coyote.AbstractProtocol.destroy 프로토콜 핸들러 ["http-nio-8080"]을(를) 소멸시킵니다.
13-Feb-2025 00:15:30.240 정보 [main] org.apache.catalina.core.StandardServer.await 셧다운 포트를 통해 유효한 셧다운 명령을 받았습니다. 서버 인스턴스를 중지시킵니다.
13-Feb-2025 00:15:30.241 정보 [main] org.apache.coyote.AbstractProtocol.pause 프로토콜 핸들러 ["http-nio-8080"]을(를) 일시 정지 중
13-Feb-2025 00:15:31.245 정보 [main] org.apache.catalina.core.StandardService.stopInternal 서비스 [Catalina]을(를) 중지시킵니다.
13-Feb-2025 00:15:31.271 정보 [main] org.apache.coyote.AbstractProtocol.stop 프로토콜 핸들러 ["http-nio-8080"]을(를) 중지시킵니다.
13-Feb-2025 00:15:31.877 경고 [main] org.apache.tomcat.util.net.Acceptor.stopMillis acceptor 쓰레드 [http-nio-8080-Acceptor](이)가 깨끗이 중지되지 않았습니다.
13-Feb-2025 00:15:31.881 정보 [main] org.apache.coyote.AbstractProtocol.destroy 프로토콜 핸들러 ["http-nio-8080"]을(를) 소멸시킵니다.
NOTE: Picked up JDK_JAVA_OPTIONS:  --add-opens=java.base/java.lang=ALL-UNNAMED --add-opens=java.base/java.io=ALL-UNNAMED --add-opens=java.base/java.util=ALL-UNNAMED --add-opens=java.base/java.util.concurrent=ALL-UNNAMED --add-opens=java.rmi/sun.rmi.transport=ALL-UNNAMED
13-Feb-2025 00:15:59.093 정보 [main] org.apache.catalina.startup.VersionLoggerListener.log 서버 버전 이름:    Apache Tomcat/9.0.91
13-Feb-2025 00:15:59.095 정보 [main] org.apache.catalina.startup.VersionLoggerListener.log Server 빌드 시각:  Jul 2 2024 12:35:51 UTC
13-Feb-2025 00:15:59.095 정보 [main] org.apache.catalina.startup.VersionLoggerListener.log Server 버전 번호:  9.0.91.0
13-Feb-2025 00:15:59.095 정보 [main] org.apache.catalina.startup.VersionLoggerListener.log 운영체제 이름:     Mac OS X
13-Feb-2025 00:15:59.095 정보 [main] org.apache.catalina.startup.VersionLoggerListener.log 운영체제 버전:     15.3
13-Feb-2025 00:15:59.095 정보 [main] org.apache.catalina.startup.VersionLoggerListener.log 아키텍처:          aarch64
13-Feb-2025 00:15:59.095 정보 [main] org.apache.catalina.startup.VersionLoggerListener.log 자바 홈:           /Users/duck/Library/Java/JavaVirtualMachines/corretto-21.0.6/Contents/Home
13-Feb-2025 00:15:59.095 정보 [main] org.apache.catalina.startup.VersionLoggerListener.log JVM 버전:          21.0.6+7-LTS
13-Feb-2025 00:15:59.095 정보 [main] org.apache.catalina.startup.VersionLoggerListener.log JVM 벤더:          Amazon.com Inc.
13-Feb-2025 00:15:59.095 정보 [main] org.apache.catalina.startup.VersionLoggerListener.log CATALINA_BASE:     /Users/duck/Desktop/Workspace/FastCampus/10개 프로젝트로 완성하는 백엔드 웹개발 초격차 패키지/Part 1. 나만의 MVC 프레임워크 만들기/apache-tomcat-9.0.91
13-Feb-2025 00:15:59.095 정보 [main] org.apache.catalina.startup.VersionLoggerListener.log CATALINA_HOME:     /Users/duck/Desktop/Workspace/FastCampus/10개 프로젝트로 완성하는 백엔드 웹개발 초격차 패키지/Part 1. 나만의 MVC 프레임워크 만들기/apache-tomcat-9.0.91
13-Feb-2025 00:15:59.099 정보 [main] org.apache.catalina.startup.VersionLoggerListener.log 명령 행 아규먼트:  --add-opens=java.base/java.lang=ALL-UNNAMED
13-Feb-2025 00:15:59.099 정보 [main] org.apache.catalina.startup.VersionLoggerListener.log 명령 행 아규먼트:  --add-opens=java.base/java.io=ALL-UNNAMED
13-Feb-2025 00:15:59.099 정보 [main] org.apache.catalina.startup.VersionLoggerListener.log 명령 행 아규먼트:  --add-opens=java.base/java.util=ALL-UNNAMED
13-Feb-2025 00:15:59.099 정보 [main] org.apache.catalina.startup.VersionLoggerListener.log 명령 행 아규먼트:  --add-opens=java.base/java.util.concurrent=ALL-UNNAMED
13-Feb-2025 00:15:59.099 정보 [main] org.apache.catalina.startup.VersionLoggerListener.log 명령 행 아규먼트:  --add-opens=java.rmi/sun.rmi.transport=ALL-UNNAMED
13-Feb-2025 00:15:59.099 정보 [main] org.apache.catalina.startup.VersionLoggerListener.log 명령 행 아규먼트:  -Djava.util.logging.config.file=/Users/duck/Desktop/Workspace/FastCampus/10개 프로젝트로 완성하는 백엔드 웹개발 초격차 패키지/Part 1. 나만의 MVC 프레임워크 만들기/apache-tomcat-9.0.91/conf/logging.properties
13-Feb-2025 00:15:59.100 정보 [main] org.apache.catalina.startup.VersionLoggerListener.log 명령 행 아규먼트:  -Djava.util.logging.manager=org.apache.juli.ClassLoaderLogManager
13-Feb-2025 00:15:59.100 정보 [main] org.apache.catalina.startup.VersionLoggerListener.log 명령 행 아규먼트:  -Djdk.tls.ephemeralDHKeySize=2048
13-Feb-2025 00:15:59.100 정보 [main] org.apache.catalina.startup.VersionLoggerListener.log 명령 행 아규먼트:  -Djava.protocol.handler.pkgs=org.apache.catalina.webresources
13-Feb-2025 00:15:59.100 정보 [main] org.apache.catalina.startup.VersionLoggerListener.log 명령 행 아규먼트:  -Dorg.apache.catalina.security.SecurityListener.UMASK=0027
13-Feb-2025 00:15:59.100 정보 [main] org.apache.catalina.startup.VersionLoggerListener.log 명령 행 아규먼트:  -Dignore.endorsed.dirs=
13-Feb-2025 00:15:59.100 정보 [main] org.apache.catalina.startup.VersionLoggerListener.log 명령 행 아규먼트:  -Dcatalina.base=/Users/duck/Desktop/Workspace/FastCampus/10개 프로젝트로 완성하는 백엔드 웹개발 초격차 패키지/Part 1. 나만의 MVC 프레임워크 만들기/apache-tomcat-9.0.91
13-Feb-2025 00:15:59.100 정보 [main] org.apache.catalina.startup.VersionLoggerListener.log 명령 행 아규먼트:  -Dcatalina.home=/Users/duck/Desktop/Workspace/FastCampus/10개 프로젝트로 완성하는 백엔드 웹개발 초격차 패키지/Part 1. 나만의 MVC 프레임워크 만들기/apache-tomcat-9.0.91
13-Feb-2025 00:15:59.100 정보 [main] org.apache.catalina.startup.VersionLoggerListener.log 명령 행 아규먼트:  -Djava.io.tmpdir=/Users/duck/Desktop/Workspace/FastCampus/10개 프로젝트로 완성하는 백엔드 웹개발 초격차 패키지/Part 1. 나만의 MVC 프레임워크 만들기/apache-tomcat-9.0.91/temp
13-Feb-2025 00:15:59.107 정보 [main] org.apache.catalina.core.AprLifecycleListener.lifecycleEvent 프로덕션 환경들에서 최적의 성능을 제공하는, APR 기반 Apache Tomcat Native 라이브러리가, 다음 java.library.path에서 발견되지 않습니다: [/Users/duck/Library/Java/Extensions:/Library/Java/Extensions:/Network/Library/Java/Extensions:/System/Library/Java/Extensions:/usr/lib/java:.]
13-Feb-2025 00:15:59.231 정보 [main] org.apache.coyote.AbstractProtocol.init 프로토콜 핸들러 ["http-nio-8080"]을(를) 초기화합니다.
13-Feb-2025 00:15:59.242 정보 [main] org.apache.catalina.startup.Catalina.load [236] 밀리초 내에 서버가 초기화되었습니다.
13-Feb-2025 00:15:59.257 정보 [main] org.apache.catalina.core.StandardService.startInternal 서비스 [Catalina]을(를) 시작합니다.
13-Feb-2025 00:15:59.258 정보 [main] org.apache.catalina.core.StandardEngine.startInternal 서버 엔진을 시작합니다: [Apache Tomcat/9.0.91]
13-Feb-2025 00:15:59.260 정보 [main] org.apache.catalina.startup.HostConfig.deployDirectory 웹 애플리케이션 디렉토리 [/Users/duck/Desktop/Workspace/FastCampus/10개 프로젝트로 완성하는 백엔드 웹개발 초격차 패키지/Part 1. 나만의 MVC 프레임워크 만들기/apache-tomcat-9.0.91/webapps/docs]을(를) 배치합니다.
13-Feb-2025 00:15:59.386 정보 [main] org.apache.catalina.startup.HostConfig.deployDirectory 웹 애플리케이션 디렉토리 [/Users/duck/Desktop/Workspace/FastCampus/10개 프로젝트로 완성하는 백엔드 웹개발 초격차 패키지/Part 1. 나만의 MVC 프레임워크 만들기/apache-tomcat-9.0.91/webapps/docs]에 대한 배치가 [125] 밀리초에 완료되었습니다.
13-Feb-2025 00:15:59.386 정보 [main] org.apache.catalina.startup.HostConfig.deployDirectory 웹 애플리케이션 디렉토리 [/Users/duck/Desktop/Workspace/FastCampus/10개 프로젝트로 완성하는 백엔드 웹개발 초격차 패키지/Part 1. 나만의 MVC 프레임워크 만들기/apache-tomcat-9.0.91/webapps/manager]을(를) 배치합니다.
13-Feb-2025 00:15:59.405 정보 [main] org.apache.catalina.startup.HostConfig.deployDirectory 웹 애플리케이션 디렉토리 [/Users/duck/Desktop/Workspace/FastCampus/10개 프로젝트로 완성하는 백엔드 웹개발 초격차 패키지/Part 1. 나만의 MVC 프레임워크 만들기/apache-tomcat-9.0.91/webapps/manager]에 대한 배치가 [19] 밀리초에 완료되었습니다.
13-Feb-2025 00:15:59.405 정보 [main] org.apache.catalina.startup.HostConfig.deployDirectory 웹 애플리케이션 디렉토리 [/Users/duck/Desktop/Workspace/FastCampus/10개 프로젝트로 완성하는 백엔드 웹개발 초격차 패키지/Part 1. 나만의 MVC 프레임워크 만들기/apache-tomcat-9.0.91/webapps/examples]을(를) 배치합니다.
13-Feb-2025 00:15:59.526 정보 [main] org.apache.catalina.startup.HostConfig.deployDirectory 웹 애플리케이션 디렉토리 [/Users/duck/Desktop/Workspace/FastCampus/10개 프로젝트로 완성하는 백엔드 웹개발 초격차 패키지/Part 1. 나만의 MVC 프레임워크 만들기/apache-tomcat-9.0.91/webapps/examples]에 대한 배치가 [121] 밀리초에 완료되었습니다.
13-Feb-2025 00:15:59.526 정보 [main] org.apache.catalina.startup.HostConfig.deployDirectory 웹 애플리케이션 디렉토리 [/Users/duck/Desktop/Workspace/FastCampus/10개 프로젝트로 완성하는 백엔드 웹개발 초격차 패키지/Part 1. 나만의 MVC 프레임워크 만들기/apache-tomcat-9.0.91/webapps/ROOT]을(를) 배치합니다.
13-Feb-2025 00:15:59.535 정보 [main] org.apache.catalina.startup.HostConfig.deployDirectory 웹 애플리케이션 디렉토리 [/Users/duck/Desktop/Workspace/FastCampus/10개 프로젝트로 완성하는 백엔드 웹개발 초격차 패키지/Part 1. 나만의 MVC 프레임워크 만들기/apache-tomcat-9.0.91/webapps/ROOT]에 대한 배치가 [9] 밀리초에 완료되었습니다.
13-Feb-2025 00:15:59.535 정보 [main] org.apache.catalina.startup.HostConfig.deployDirectory 웹 애플리케이션 디렉토리 [/Users/duck/Desktop/Workspace/FastCampus/10개 프로젝트로 완성하는 백엔드 웹개발 초격차 패키지/Part 1. 나만의 MVC 프레임워크 만들기/apache-tomcat-9.0.91/webapps/host-manager]을(를) 배치합니다.
13-Feb-2025 00:15:59.545 정보 [main] org.apache.catalina.startup.HostConfig.deployDirectory 웹 애플리케이션 디렉토리 [/Users/duck/Desktop/Workspace/FastCampus/10개 프로젝트로 완성하는 백엔드 웹개발 초격차 패키지/Part 1. 나만의 MVC 프레임워크 만들기/apache-tomcat-9.0.91/webapps/host-manager]에 대한 배치가 [10] 밀리초에 완료되었습니다.
13-Feb-2025 00:15:59.547 정보 [main] org.apache.coyote.AbstractProtocol.start 프로토콜 핸들러 ["http-nio-8080"]을(를) 시작합니다.
13-Feb-2025 00:15:59.551 정보 [main] org.apache.catalina.startup.Catalina.start 서버가 [307] 밀리초 내에 시작되었습니다.
13-Feb-2025 00:16:24.637 정보 [main] org.apache.catalina.core.StandardServer.await 셧다운 포트를 통해 유효한 셧다운 명령을 받았습니다. 서버 인스턴스를 중지시킵니다.
13-Feb-2025 00:16:24.637 정보 [main] org.apache.coyote.AbstractProtocol.pause 프로토콜 핸들러 ["http-nio-8080"]을(를) 일시 정지 중
13-Feb-2025 00:16:25.641 정보 [main] org.apache.catalina.core.StandardService.stopInternal 서비스 [Catalina]을(를) 중지시킵니다.
13-Feb-2025 00:16:25.665 정보 [main] org.apache.coyote.AbstractProtocol.stop 프로토콜 핸들러 ["http-nio-8080"]을(를) 중지시킵니다.
13-Feb-2025 00:16:26.271 경고 [main] org.apache.tomcat.util.net.Acceptor.stopMillis acceptor 쓰레드 [http-nio-8080-Acceptor](이)가 깨끗이 중지되지 않았습니다.
13-Feb-2025 00:16:26.275 정보 [main] org.apache.coyote.AbstractProtocol.destroy 프로토콜 핸들러 ["http-nio-8080"]을(를) 소멸시킵니다.
